<?xml version="1.0" encoding="UTF-8" ?>
<testsuite errors="2" failures="4" hostname="DESKTOP-Q28DTGI" name="es.uvigo.esei.dai.hybridserver.HybridServerSecondReleaseTestSuite" skipped="0" tests="239" time="874.731" timestamp="2017-12-20T16:44:18">
  <properties>
[...]
</properties>
  <testcase classname="es.uvigo.esei.dai.hybridserver.week1.WelcomePageTest" name="testMultipleWelcome" time="0.727" />
  <testcase classname="es.uvigo.esei.dai.hybridserver.week1.WelcomePageTest" name="testWelcome" time="0.003" />
  <testcase classname="es.uvigo.esei.dai.hybridserver.week1.HTTPBadRequestsTest" name="test[Missing method]" time="0.001" />
  <testcase classname="es.uvigo.esei.dai.hybridserver.week1.HTTPBadRequestsTest" name="test[Missing resource]" time="0.001" />
  <testcase classname="es.uvigo.esei.dai.hybridserver.week1.HTTPBadRequestsTest" name="test[Missing version]" time="0.0" />
  <testcase classname="es.uvigo.esei.dai.hybridserver.week1.HTTPBadRequestsTest" name="test[Missing first line]" time="0.001" />
  <testcase classname="es.uvigo.esei.dai.hybridserver.week1.HTTPBadRequestsTest" name="test[Invalid header]" time="0.0" />
  <testcase classname="es.uvigo.esei.dai.hybridserver.week1.HTTPBadRequestsTest" name="test[Missing new line after header]" time="0.0" />
  <testcase classname="es.uvigo.esei.dai.hybridserver.week1.HTTPRequestGETRootTest" name="testGetResourceChain" time="0.002" />
  <testcase classname="es.uvigo.esei.dai.hybridserver.week1.HTTPRequestGETRootTest" name="testToString" time="0.001" />
  <testcase classname="es.uvigo.esei.dai.hybridserver.week1.HTTPRequestGETRootTest" name="testGetHttpVersion" time="0.0" />
  <testcase classname="es.uvigo.esei.dai.hybridserver.week1.HTTPRequestGETRootTest" name="testGetHeaderParameters" time="0.002" />
  <testcase classname="es.uvigo.esei.dai.hybridserver.week1.HTTPRequestGETRootTest" name="testGetResourceName" time="0.002" />
  <testcase classname="es.uvigo.esei.dai.hybridserver.week1.HTTPRequestGETRootTest" name="testGetResourcePath" time="0.001" />
  <testcase classname="es.uvigo.esei.dai.hybridserver.week1.HTTPRequestGETRootTest" name="testGetContent" time="0.0" />
  <testcase classname="es.uvigo.esei.dai.hybridserver.week1.HTTPRequestGETRootTest" name="testGetMethod" time="0.0" />
  <testcase classname="es.uvigo.esei.dai.hybridserver.week1.HTTPRequestGETRootTest" name="testGetContentLength" time="0.001" />
  <testcase classname="es.uvigo.esei.dai.hybridserver.week1.HTTPRequestGETRootTest" name="testGetResourceParameters" time="0.0" />
  <testcase classname="es.uvigo.esei.dai.hybridserver.week1.HTTPRequestGETResourceTest" name="testGetResourceChain" time="0.0" />
  <testcase classname="es.uvigo.esei.dai.hybridserver.week1.HTTPRequestGETResourceTest" name="testToString" time="0.0" />
  <testcase classname="es.uvigo.esei.dai.hybridserver.week1.HTTPRequestGETResourceTest" name="testGetHttpVersion" time="0.0" />
  <testcase classname="es.uvigo.esei.dai.hybridserver.week1.HTTPRequestGETResourceTest" name="testGetHeaderParameters" time="0.001" />
  <testcase classname="es.uvigo.esei.dai.hybridserver.week1.HTTPRequestGETResourceTest" name="testGetResourceName" time="0.001" />
  <testcase classname="es.uvigo.esei.dai.hybridserver.week1.HTTPRequestGETResourceTest" name="testGetResourcePath" time="0.002" />
  <testcase classname="es.uvigo.esei.dai.hybridserver.week1.HTTPRequestGETResourceTest" name="testGetContent" time="0.0" />
  <testcase classname="es.uvigo.esei.dai.hybridserver.week1.HTTPRequestGETResourceTest" name="testGetMethod" time="0.001" />
  <testcase classname="es.uvigo.esei.dai.hybridserver.week1.HTTPRequestGETResourceTest" name="testGetContentLength" time="0.0" />
  <testcase classname="es.uvigo.esei.dai.hybridserver.week1.HTTPRequestGETResourceTest" name="testGetResourceParameters" time="0.0" />
  <testcase classname="es.uvigo.esei.dai.hybridserver.week1.HTTPRequestGETResourcesTest" name="testGetResourceChain" time="0.0" />
  <testcase classname="es.uvigo.esei.dai.hybridserver.week1.HTTPRequestGETResourcesTest" name="testToString" time="0.0" />
  <testcase classname="es.uvigo.esei.dai.hybridserver.week1.HTTPRequestGETResourcesTest" name="testGetHttpVersion" time="0.0" />
  <testcase classname="es.uvigo.esei.dai.hybridserver.week1.HTTPRequestGETResourcesTest" name="testGetHeaderParameters" time="0.0" />
  <testcase classname="es.uvigo.esei.dai.hybridserver.week1.HTTPRequestGETResourcesTest" name="testGetResourceName" time="0.0" />
  <testcase classname="es.uvigo.esei.dai.hybridserver.week1.HTTPRequestGETResourcesTest" name="testGetResourcePath" time="0.0" />
  <testcase classname="es.uvigo.esei.dai.hybridserver.week1.HTTPRequestGETResourcesTest" name="testGetContent" time="0.001" />
  <testcase classname="es.uvigo.esei.dai.hybridserver.week1.HTTPRequestGETResourcesTest" name="testGetMethod" time="0.001" />
  <testcase classname="es.uvigo.esei.dai.hybridserver.week1.HTTPRequestGETResourcesTest" name="testGetContentLength" time="0.001" />
  <testcase classname="es.uvigo.esei.dai.hybridserver.week1.HTTPRequestGETResourcesTest" name="testGetResourceParameters" time="0.0" />
  <testcase classname="es.uvigo.esei.dai.hybridserver.week1.HTTPRequestGETParametersTest" name="testGetResourceChain" time="0.0" />
  <testcase classname="es.uvigo.esei.dai.hybridserver.week1.HTTPRequestGETParametersTest" name="testToString" time="0.0" />
  <testcase classname="es.uvigo.esei.dai.hybridserver.week1.HTTPRequestGETParametersTest" name="testGetHttpVersion" time="0.001" />
  <testcase classname="es.uvigo.esei.dai.hybridserver.week1.HTTPRequestGETParametersTest" name="testGetHeaderParameters" time="0.001" />
  <testcase classname="es.uvigo.esei.dai.hybridserver.week1.HTTPRequestGETParametersTest" name="testGetResourceName" time="0.0" />
  <testcase classname="es.uvigo.esei.dai.hybridserver.week1.HTTPRequestGETParametersTest" name="testGetResourcePath" time="0.0" />
  <testcase classname="es.uvigo.esei.dai.hybridserver.week1.HTTPRequestGETParametersTest" name="testGetContent" time="0.001" />
  <testcase classname="es.uvigo.esei.dai.hybridserver.week1.HTTPRequestGETParametersTest" name="testGetMethod" time="0.0" />
  <testcase classname="es.uvigo.esei.dai.hybridserver.week1.HTTPRequestGETParametersTest" name="testGetContentLength" time="0.0" />
  <testcase classname="es.uvigo.esei.dai.hybridserver.week1.HTTPRequestGETParametersTest" name="testGetResourceParameters" time="0.0" />
  <testcase classname="es.uvigo.esei.dai.hybridserver.week1.HTTPRequestPOSTOneParameterTest" name="testGetResourceChain" time="0.0" />
  <testcase classname="es.uvigo.esei.dai.hybridserver.week1.HTTPRequestPOSTOneParameterTest" name="testToString" time="0.0" />
  <testcase classname="es.uvigo.esei.dai.hybridserver.week1.HTTPRequestPOSTOneParameterTest" name="testGetHttpVersion" time="0.001" />
  <testcase classname="es.uvigo.esei.dai.hybridserver.week1.HTTPRequestPOSTOneParameterTest" name="testGetHeaderParameters" time="0.001" />
  <testcase classname="es.uvigo.esei.dai.hybridserver.week1.HTTPRequestPOSTOneParameterTest" name="testGetResourceName" time="0.0" />
  <testcase classname="es.uvigo.esei.dai.hybridserver.week1.HTTPRequestPOSTOneParameterTest" name="testGetResourcePath" time="0.0" />
  <testcase classname="es.uvigo.esei.dai.hybridserver.week1.HTTPRequestPOSTOneParameterTest" name="testGetContent" time="0.0" />
  <testcase classname="es.uvigo.esei.dai.hybridserver.week1.HTTPRequestPOSTOneParameterTest" name="testGetMethod" time="0.0" />
  <testcase classname="es.uvigo.esei.dai.hybridserver.week1.HTTPRequestPOSTOneParameterTest" name="testGetContentLength" time="0.0" />
  <testcase classname="es.uvigo.esei.dai.hybridserver.week1.HTTPRequestPOSTOneParameterTest" name="testGetResourceParameters" time="0.0" />
  <testcase classname="es.uvigo.esei.dai.hybridserver.week1.HTTPRequestPOSTMultipleParametersTest" name="testGetResourceChain" time="0.0" />
  <testcase classname="es.uvigo.esei.dai.hybridserver.week1.HTTPRequestPOSTMultipleParametersTest" name="testToString" time="0.0" />
  <testcase classname="es.uvigo.esei.dai.hybridserver.week1.HTTPRequestPOSTMultipleParametersTest" name="testGetHttpVersion" time="0.001" />
  <testcase classname="es.uvigo.esei.dai.hybridserver.week1.HTTPRequestPOSTMultipleParametersTest" name="testGetHeaderParameters" time="0.0" />
  <testcase classname="es.uvigo.esei.dai.hybridserver.week1.HTTPRequestPOSTMultipleParametersTest" name="testGetResourceName" time="0.0" />
  <testcase classname="es.uvigo.esei.dai.hybridserver.week1.HTTPRequestPOSTMultipleParametersTest" name="testGetResourcePath" time="0.0" />
  <testcase classname="es.uvigo.esei.dai.hybridserver.week1.HTTPRequestPOSTMultipleParametersTest" name="testGetContent" time="0.0" />
  <testcase classname="es.uvigo.esei.dai.hybridserver.week1.HTTPRequestPOSTMultipleParametersTest" name="testGetMethod" time="0.001" />
  <testcase classname="es.uvigo.esei.dai.hybridserver.week1.HTTPRequestPOSTMultipleParametersTest" name="testGetContentLength" time="0.0" />
  <testcase classname="es.uvigo.esei.dai.hybridserver.week1.HTTPRequestPOSTMultipleParametersTest" name="testGetResourceParameters" time="0.0" />
  <testcase classname="es.uvigo.esei.dai.hybridserver.week1.HTTPRequestPOSTEncodedTest" name="testGetResourceChain" time="0.002" />
  <testcase classname="es.uvigo.esei.dai.hybridserver.week1.HTTPRequestPOSTEncodedTest" name="testToString" time="0.0" />
  <testcase classname="es.uvigo.esei.dai.hybridserver.week1.HTTPRequestPOSTEncodedTest" name="testGetHttpVersion" time="0.001" />
  <testcase classname="es.uvigo.esei.dai.hybridserver.week1.HTTPRequestPOSTEncodedTest" name="testGetHeaderParameters" time="0.001" />
  <testcase classname="es.uvigo.esei.dai.hybridserver.week1.HTTPRequestPOSTEncodedTest" name="testGetResourceName" time="0.0" />
  <testcase classname="es.uvigo.esei.dai.hybridserver.week1.HTTPRequestPOSTEncodedTest" name="testGetResourcePath" time="0.0" />
  <testcase classname="es.uvigo.esei.dai.hybridserver.week1.HTTPRequestPOSTEncodedTest" name="testGetContent" time="0.0" />
  <testcase classname="es.uvigo.esei.dai.hybridserver.week1.HTTPRequestPOSTEncodedTest" name="testGetMethod" time="0.001" />
  <testcase classname="es.uvigo.esei.dai.hybridserver.week1.HTTPRequestPOSTEncodedTest" name="testGetContentLength" time="0.0" />
  <testcase classname="es.uvigo.esei.dai.hybridserver.week1.HTTPRequestPOSTEncodedTest" name="testGetResourceParameters" time="0.0" />
  <testcase classname="es.uvigo.esei.dai.hybridserver.week1.HTTPResponseNoContentTest" name="testPrint" time="0.0" />
  <testcase classname="es.uvigo.esei.dai.hybridserver.week1.HTTPResponseNoContentWithHeadersTest" name="testPrint" time="0.001" />
  <testcase classname="es.uvigo.esei.dai.hybridserver.week1.HTTPResponseTest" name="testPrint" time="0.0" />
  <testcase classname="es.uvigo.esei.dai.hybridserver.week1.HTTPResponseWithHeadersTest" name="testPrint" time="0.0" />
  <testcase classname="es.uvigo.esei.dai.hybridserver.week3.CustomPortTest" name="testMultipleWelcome[0]" time="0.537" />
  <testcase classname="es.uvigo.esei.dai.hybridserver.week3.CustomPortTest" name="testWelcome[0]" time="0.004" />
  <testcase classname="es.uvigo.esei.dai.hybridserver.week3.CustomPortTest" name="testMultipleWelcome[1]" time="0.024">
    <error type="org.apache.http.client.ClientProtocolException">org.apache.http.client.ClientProtocolException
	at org.apache.http.impl.client.InternalHttpClient.doExecute(InternalHttpClient.java:186)
	at org.apache.http.impl.client.CloseableHttpClient.execute(CloseableHttpClient.java:82)
	at org.apache.http.impl.client.CloseableHttpClient.execute(CloseableHttpClient.java:106)
	at org.apache.http.impl.client.CloseableHttpClient.execute(CloseableHttpClient.java:57)
	at org.apache.http.client.fluent.Request.execute(Request.java:143)
	at es.uvigo.esei.dai.hybridserver.utils.TestUtils.getContent(TestUtils.java:55)
	at es.uvigo.esei.dai.hybridserver.week3.CustomPortTest.testMultipleWelcome(CustomPortTest.java:101)
	at java.util.concurrent.FutureTask.run(Unknown Source)
	at java.lang.Thread.run(Unknown Source)
Caused by: org.apache.http.ProtocolException: The server failed to respond with a valid HTTP response
	at org.apache.http.impl.conn.DefaultHttpResponseParser.parseHead(DefaultHttpResponseParser.java:151)
	at org.apache.http.impl.conn.DefaultHttpResponseParser.parseHead(DefaultHttpResponseParser.java:57)
	at org.apache.http.impl.io.AbstractMessageParser.parse(AbstractMessageParser.java:260)
	at org.apache.http.impl.DefaultBHttpClientConnection.receiveResponseHeader(DefaultBHttpClientConnection.java:161)
	at org.apache.http.impl.conn.CPoolProxy.receiveResponseHeader(CPoolProxy.java:153)
	at org.apache.http.protocol.HttpRequestExecutor.doReceiveResponse(HttpRequestExecutor.java:271)
	at org.apache.http.protocol.HttpRequestExecutor.execute(HttpRequestExecutor.java:123)
	at org.apache.http.impl.execchain.MainClientExec.execute(MainClientExec.java:254)
	at org.apache.http.impl.execchain.ProtocolExec.execute(ProtocolExec.java:195)
	at org.apache.http.impl.execchain.RetryExec.execute(RetryExec.java:86)
	at org.apache.http.impl.execchain.RedirectExec.execute(RedirectExec.java:108)
	at org.apache.http.impl.client.InternalHttpClient.doExecute(InternalHttpClient.java:184)
</error>
  </testcase>
  <testcase classname="es.uvigo.esei.dai.hybridserver.week3.CustomPortTest" name="testWelcome[1]" time="0.003" />
  <testcase classname="es.uvigo.esei.dai.hybridserver.week3.CustomPortTest" name="testMultipleWelcome[2]" time="0.019" />
  <testcase classname="es.uvigo.esei.dai.hybridserver.week3.CustomPortTest" name="testWelcome[2]" time="0.003" />
  <testcase classname="es.uvigo.esei.dai.hybridserver.week3.CustomPortTest" name="testMultipleWelcome[3]" time="0.027" />
  <testcase classname="es.uvigo.esei.dai.hybridserver.week3.CustomPortTest" name="testWelcome[3]" time="0.507" />
  <testcase classname="es.uvigo.esei.dai.hybridserver.week3.CustomPortTest" name="testMultipleWelcome[4]" time="0.027" />
  <testcase classname="es.uvigo.esei.dai.hybridserver.week3.CustomPortTest" name="testWelcome[4]" time="0.004" />
  <testcase classname="es.uvigo.esei.dai.hybridserver.week3.CustomPortTest" name="testMultipleWelcome[5]" time="0.017" />
  <testcase classname="es.uvigo.esei.dai.hybridserver.week3.CustomPortTest" name="testWelcome[5]" time="0.004" />
  <testcase classname="es.uvigo.esei.dai.hybridserver.week3.CustomPortTest" name="testMultipleWelcome[6]" time="0.011">
    <error type="org.apache.http.client.ClientProtocolException">org.apache.http.client.ClientProtocolException
	at org.apache.http.impl.client.InternalHttpClient.doExecute(InternalHttpClient.java:186)
	at org.apache.http.impl.client.CloseableHttpClient.execute(CloseableHttpClient.java:82)
	at org.apache.http.impl.client.CloseableHttpClient.execute(CloseableHttpClient.java:106)
	at org.apache.http.impl.client.CloseableHttpClient.execute(CloseableHttpClient.java:57)
	at org.apache.http.client.fluent.Request.execute(Request.java:143)
	at es.uvigo.esei.dai.hybridserver.utils.TestUtils.getContent(TestUtils.java:55)
	at es.uvigo.esei.dai.hybridserver.week3.CustomPortTest.testMultipleWelcome(CustomPortTest.java:101)
	at java.util.concurrent.FutureTask.run(Unknown Source)
	at java.lang.Thread.run(Unknown Source)
Caused by: org.apache.http.ProtocolException: The server failed to respond with a valid HTTP response
	at org.apache.http.impl.conn.DefaultHttpResponseParser.parseHead(DefaultHttpResponseParser.java:151)
	at org.apache.http.impl.conn.DefaultHttpResponseParser.parseHead(DefaultHttpResponseParser.java:57)
	at org.apache.http.impl.io.AbstractMessageParser.parse(AbstractMessageParser.java:260)
	at org.apache.http.impl.DefaultBHttpClientConnection.receiveResponseHeader(DefaultBHttpClientConnection.java:161)
	at org.apache.http.impl.conn.CPoolProxy.receiveResponseHeader(CPoolProxy.java:153)
	at org.apache.http.protocol.HttpRequestExecutor.doReceiveResponse(HttpRequestExecutor.java:271)
	at org.apache.http.protocol.HttpRequestExecutor.execute(HttpRequestExecutor.java:123)
	at org.apache.http.impl.execchain.MainClientExec.execute(MainClientExec.java:254)
	at org.apache.http.impl.execchain.ProtocolExec.execute(ProtocolExec.java:195)
	at org.apache.http.impl.execchain.RetryExec.execute(RetryExec.java:86)
	at org.apache.http.impl.execchain.RedirectExec.execute(RedirectExec.java:108)
	at org.apache.http.impl.client.InternalHttpClient.doExecute(InternalHttpClient.java:184)
</error>
  </testcase>
  <testcase classname="es.uvigo.esei.dai.hybridserver.week3.CustomPortTest" name="testWelcome[6]" time="0.003" />
  <testcase classname="es.uvigo.esei.dai.hybridserver.week3.CustomPortTest" name="testMultipleWelcome[7]" time="0.027" />
  <testcase classname="es.uvigo.esei.dai.hybridserver.week3.CustomPortTest" name="testWelcome[7]" time="0.004" />
  <testcase classname="es.uvigo.esei.dai.hybridserver.week3.CustomPortTest" name="testMultipleWelcome[8]" time="0.536" />
  <testcase classname="es.uvigo.esei.dai.hybridserver.week3.CustomPortTest" name="testWelcome[8]" time="0.004" />
  <testcase classname="es.uvigo.esei.dai.hybridserver.week3.CustomPortTest" name="testMultipleWelcome[9]" time="0.022" />
  <testcase classname="es.uvigo.esei.dai.hybridserver.week3.CustomPortTest" name="testWelcome[9]" time="0.002" />
  <testcase classname="es.uvigo.esei.dai.hybridserver.week3.ClientRequestsWithDatabaseTest" name="testPostInvalidContent" time="0.798" />
  <testcase classname="es.uvigo.esei.dai.hybridserver.week3.ClientRequestsWithDatabaseTest" name="testPost" time="0.927" />
  <testcase classname="es.uvigo.esei.dai.hybridserver.week3.ClientRequestsWithDatabaseTest" name="testGetInvalidResource" time="0.909" />
  <testcase classname="es.uvigo.esei.dai.hybridserver.week3.ClientRequestsWithDatabaseTest" name="testGetInvalidHtmlPage" time="0.409" />
  <testcase classname="es.uvigo.esei.dai.hybridserver.week3.ClientRequestsWithDatabaseTest" name="testGetHtmlList" time="0.328" />
  <testcase classname="es.uvigo.esei.dai.hybridserver.week3.ClientRequestsWithDatabaseTest" name="testDelete" time="0.424" />
  <testcase classname="es.uvigo.esei.dai.hybridserver.week3.ClientRequestsWithDatabaseTest" name="testDeleteNonexistentPage" time="0.372" />
  <testcase classname="es.uvigo.esei.dai.hybridserver.week7.HTMLClientRequestsWithDatabaseTest" name="testGet" time="0.859" />
  <testcase classname="es.uvigo.esei.dai.hybridserver.week7.HTMLClientRequestsWithDatabaseTest" name="testPost" time="0.717" />
  <testcase classname="es.uvigo.esei.dai.hybridserver.week7.HTMLClientRequestsWithDatabaseTest" name="testGetList" time="0.575" />
  <testcase classname="es.uvigo.esei.dai.hybridserver.week7.HTMLClientRequestsWithDatabaseTest" name="testDelete" time="1.161" />
  <testcase classname="es.uvigo.esei.dai.hybridserver.week7.HTMLClientRequestsWithDatabaseTest" name="testDeleteNonexistentPage" time="0.527" />
  <testcase classname="es.uvigo.esei.dai.hybridserver.week7.HTMLClientRequestsWithDatabaseTest" name="testGetInvalidPage" time="1.014" />
  <testcase classname="es.uvigo.esei.dai.hybridserver.week7.XMLClientRequestsWithDatabaseTest" name="testGet" time="0.669" />
  <testcase classname="es.uvigo.esei.dai.hybridserver.week7.XMLClientRequestsWithDatabaseTest" name="testPost" time="0.663" />
  <testcase classname="es.uvigo.esei.dai.hybridserver.week7.XMLClientRequestsWithDatabaseTest" name="testGetList" time="0.579" />
  <testcase classname="es.uvigo.esei.dai.hybridserver.week7.XMLClientRequestsWithDatabaseTest" name="testDelete" time="0.6" />
  <testcase classname="es.uvigo.esei.dai.hybridserver.week7.XMLClientRequestsWithDatabaseTest" name="testDeleteNonexistentPage" time="0.603" />
  <testcase classname="es.uvigo.esei.dai.hybridserver.week7.XMLClientRequestsWithDatabaseTest" name="testGetInvalidPage" time="0.502" />
  <testcase classname="es.uvigo.esei.dai.hybridserver.week7.XSDClientRequestsWithDatabaseTest" name="testGet" time="0.615" />
  <testcase classname="es.uvigo.esei.dai.hybridserver.week7.XSDClientRequestsWithDatabaseTest" name="testPost" time="0.626" />
  <testcase classname="es.uvigo.esei.dai.hybridserver.week7.XSDClientRequestsWithDatabaseTest" name="testGetList" time="0.554" />
  <testcase classname="es.uvigo.esei.dai.hybridserver.week7.XSDClientRequestsWithDatabaseTest" name="testDelete" time="0.54" />
  <testcase classname="es.uvigo.esei.dai.hybridserver.week7.XSDClientRequestsWithDatabaseTest" name="testDeleteNonexistentPage" time="0.592" />
  <testcase classname="es.uvigo.esei.dai.hybridserver.week7.XSDClientRequestsWithDatabaseTest" name="testGetInvalidPage" time="0.532" />
  <testcase classname="es.uvigo.esei.dai.hybridserver.week7.XSLTClientRequestsWithDatabaseTest" name="testPostWithBadXSD" time="0.594" />
  <testcase classname="es.uvigo.esei.dai.hybridserver.week7.XSLTClientRequestsWithDatabaseTest" name="testPost" time="0.706" />
  <testcase classname="es.uvigo.esei.dai.hybridserver.week7.XSLTClientRequestsWithDatabaseTest" name="testPostWithoutXSD" time="0.609" />
  <testcase classname="es.uvigo.esei.dai.hybridserver.week7.XSLTClientRequestsWithDatabaseTest" name="testGet" time="0.631" />
  <testcase classname="es.uvigo.esei.dai.hybridserver.week7.XSLTClientRequestsWithDatabaseTest" name="testGetList" time="0.61" />
  <testcase classname="es.uvigo.esei.dai.hybridserver.week7.XSLTClientRequestsWithDatabaseTest" name="testDelete" time="0.645" />
  <testcase classname="es.uvigo.esei.dai.hybridserver.week7.XSLTClientRequestsWithDatabaseTest" name="testDeleteNonexistentPage" time="0.622" />
  <testcase classname="es.uvigo.esei.dai.hybridserver.week7.XSLTClientRequestsWithDatabaseTest" name="testGetInvalidPage" time="0.614" />
  <testcase classname="es.uvigo.esei.dai.hybridserver.week9.ConvertedXMLTest" name="testInvalidXSLT" time="1.29" />
  <testcase classname="es.uvigo.esei.dai.hybridserver.week9.ConvertedXMLTest" name="testSimpleGet" time="0.69" />
  <testcase classname="es.uvigo.esei.dai.hybridserver.week9.ConvertedXMLTest" name="testInexistantXSLT" time="1.127" />
  <testcase classname="es.uvigo.esei.dai.hybridserver.week9.ConvertedXMLTest" name="testConvertedGet" time="1.012" />
  <testcase classname="es.uvigo.esei.dai.hybridserver.week9.InvalidConvertedXMLTest" name="testSimpleGet" time="1.168" />
  <testcase classname="es.uvigo.esei.dai.hybridserver.week9.InvalidConvertedXMLTest" name="testConvertedGet" time="1.321" />
  <testcase classname="es.uvigo.esei.dai.hybridserver.week9.InvalidXMLConfigurationLoaderTest" name="testLoad[Missing http parameter]" time="0.015" />
  <testcase classname="es.uvigo.esei.dai.hybridserver.week9.InvalidXMLConfigurationLoaderTest" name="testLoad[Missing database configuration]" time="0.005" />
  <testcase classname="es.uvigo.esei.dai.hybridserver.week9.InvalidXMLConfigurationLoaderTest" name="testLoad[Invalid http port number]" time="0.006" />
  <testcase classname="es.uvigo.esei.dai.hybridserver.week9.InvalidXMLConfigurationLoaderTest" name="testLoad[Invalid number of clients]" time="0.005" />
  <testcase classname="es.uvigo.esei.dai.hybridserver.week9.InvalidXMLConfigurationLoaderTest" name="testLoad[Missing attributes in server]" time="0.003" />
  <testcase classname="es.uvigo.esei.dai.hybridserver.week9.XMLConfigurationLoaderTest" name="testLoad" time="0.013" />
  <testcase classname="es.uvigo.esei.dai.hybridserver.week11.WelcomeAndListsMultipleServersTestCase" name="testHtmlList[Hybrid Server 1]" time="5.124" />
  <testcase classname="es.uvigo.esei.dai.hybridserver.week11.WelcomeAndListsMultipleServersTestCase" name="testWelcome[Hybrid Server 1]" time="4.668" />
  <testcase classname="es.uvigo.esei.dai.hybridserver.week11.WelcomeAndListsMultipleServersTestCase" name="testXsltList[Hybrid Server 1]" time="4.741" />
  <testcase classname="es.uvigo.esei.dai.hybridserver.week11.WelcomeAndListsMultipleServersTestCase" name="testXmlList[Hybrid Server 1]" time="3.979" />
  <testcase classname="es.uvigo.esei.dai.hybridserver.week11.WelcomeAndListsMultipleServersTestCase" name="testXsdList[Hybrid Server 1]" time="3.721" />
  <testcase classname="es.uvigo.esei.dai.hybridserver.week11.WelcomeAndListsMultipleServersTestCase" name="testHtmlList[Hybrid Server 2]" time="4.053" />
  <testcase classname="es.uvigo.esei.dai.hybridserver.week11.WelcomeAndListsMultipleServersTestCase" name="testWelcome[Hybrid Server 2]" time="3.767" />
  <testcase classname="es.uvigo.esei.dai.hybridserver.week11.WelcomeAndListsMultipleServersTestCase" name="testXsltList[Hybrid Server 2]" time="3.573" />
  <testcase classname="es.uvigo.esei.dai.hybridserver.week11.WelcomeAndListsMultipleServersTestCase" name="testXmlList[Hybrid Server 2]" time="3.501" />
  <testcase classname="es.uvigo.esei.dai.hybridserver.week11.WelcomeAndListsMultipleServersTestCase" name="testXsdList[Hybrid Server 2]" time="3.682" />
  <testcase classname="es.uvigo.esei.dai.hybridserver.week11.WelcomeAndListsMultipleServersTestCase" name="testHtmlList[Hybrid Server 3]" time="4.19" />
  <testcase classname="es.uvigo.esei.dai.hybridserver.week11.WelcomeAndListsMultipleServersTestCase" name="testWelcome[Hybrid Server 3]" time="3.737" />
  <testcase classname="es.uvigo.esei.dai.hybridserver.week11.WelcomeAndListsMultipleServersTestCase" name="testXsltList[Hybrid Server 3]" time="4.748" />
  <testcase classname="es.uvigo.esei.dai.hybridserver.week11.WelcomeAndListsMultipleServersTestCase" name="testXmlList[Hybrid Server 3]" time="3.835" />
  <testcase classname="es.uvigo.esei.dai.hybridserver.week11.WelcomeAndListsMultipleServersTestCase" name="testXsdList[Hybrid Server 3]" time="4.387" />
  <testcase classname="es.uvigo.esei.dai.hybridserver.week11.WelcomeAndListsMultipleServersTestCase" name="testHtmlList[Hybrid Server 4]" time="3.768" />
  <testcase classname="es.uvigo.esei.dai.hybridserver.week11.WelcomeAndListsMultipleServersTestCase" name="testWelcome[Hybrid Server 4]" time="3.933" />
  <testcase classname="es.uvigo.esei.dai.hybridserver.week11.WelcomeAndListsMultipleServersTestCase" name="testXsltList[Hybrid Server 4]" time="3.954" />
  <testcase classname="es.uvigo.esei.dai.hybridserver.week11.WelcomeAndListsMultipleServersTestCase" name="testXmlList[Hybrid Server 4]" time="4.193" />
  <testcase classname="es.uvigo.esei.dai.hybridserver.week11.WelcomeAndListsMultipleServersTestCase" name="testXsdList[Hybrid Server 4]" time="3.658" />
  <testcase classname="es.uvigo.esei.dai.hybridserver.week11.HtmlMultipleServersTestCase" name="testGetLocales[Hybrid Server 1]" time="8.205" />
  <testcase classname="es.uvigo.esei.dai.hybridserver.week11.HtmlMultipleServersTestCase" name="testGetRemotes[Hybrid Server 1]" time="19.195" />
  <testcase classname="es.uvigo.esei.dai.hybridserver.week11.HtmlMultipleServersTestCase" name="testInvalid[Hybrid Server 1]" time="14.111" />
  <testcase classname="es.uvigo.esei.dai.hybridserver.week11.HtmlMultipleServersTestCase" name="testGetLocales[Hybrid Server 2]" time="8.789" />
  <testcase classname="es.uvigo.esei.dai.hybridserver.week11.HtmlMultipleServersTestCase" name="testGetRemotes[Hybrid Server 2]" time="19.132" />
  <testcase classname="es.uvigo.esei.dai.hybridserver.week11.HtmlMultipleServersTestCase" name="testInvalid[Hybrid Server 2]" time="14.329" />
  <testcase classname="es.uvigo.esei.dai.hybridserver.week11.HtmlMultipleServersTestCase" name="testGetLocales[Hybrid Server 3]" time="8.854" />
  <testcase classname="es.uvigo.esei.dai.hybridserver.week11.HtmlMultipleServersTestCase" name="testGetRemotes[Hybrid Server 3]" time="19.169" />
  <testcase classname="es.uvigo.esei.dai.hybridserver.week11.HtmlMultipleServersTestCase" name="testInvalid[Hybrid Server 3]" time="14.281" />
  <testcase classname="es.uvigo.esei.dai.hybridserver.week11.HtmlMultipleServersTestCase" name="testGetLocales[Hybrid Server 4]" time="8.644" />
  <testcase classname="es.uvigo.esei.dai.hybridserver.week11.HtmlMultipleServersTestCase" name="testGetRemotes[Hybrid Server 4]" time="19.065" />
  <testcase classname="es.uvigo.esei.dai.hybridserver.week11.HtmlMultipleServersTestCase" name="testInvalid[Hybrid Server 4]" time="14.11" />
  <testcase classname="es.uvigo.esei.dai.hybridserver.week11.XmlMultipleServersTestCase" name="testGetLocales[Hybrid Server 1]" time="4.037">
    <failure message="&#xa;Expected: is Strings are not equal ignoring whitespaces&#xa;     but: was &quot;&lt;?xml version=\&quot;1.0\&quot; encoding=\&quot;UTF-8\&quot;?&gt;  &lt;people xmlns=\&quot;http://www.esei.uvigo.es/dai/proyecto\&quot;      xmlns:xsi=\&quot;http://www.w3.org/2001/XMLSchema-instance\&quot;     xsi:schemaLocation=\&quot;http://www.esei.uvigo.es/dai/proyecto sample.xsd\&quot;&gt;  &lt;person1 dni=\&quot;11111111A\&quot;&gt;&lt;name&gt;Pepe&lt;/name&gt;&lt;/person1&gt; &lt;/people&gt;&quot;" type="junit.framework.AssertionFailedError">junit.framework.AssertionFailedError: 
Expected: is Strings are not equal ignoring whitespaces
     but: was &quot;&lt;?xml version=\&quot;1.0\&quot; encoding=\&quot;UTF-8\&quot;?&gt;  &lt;people xmlns=\&quot;http://www.esei.uvigo.es/dai/proyecto\&quot;      xmlns:xsi=\&quot;http://www.w3.org/2001/XMLSchema-instance\&quot;     xsi:schemaLocation=\&quot;http://www.esei.uvigo.es/dai/proyecto sample.xsd\&quot;&gt;  &lt;person1 dni=\&quot;11111111A\&quot;&gt;&lt;name&gt;Pepe&lt;/name&gt;&lt;/person1&gt; &lt;/people&gt;&quot;
	at org.hamcrest.MatcherAssert.assertThat(MatcherAssert.java:18)
	at es.uvigo.esei.dai.hybridserver.week11.AbstractGetMultipleServersTestCase.testMultipleGets(AbstractGetMultipleServersTestCase.java:47)
	at es.uvigo.esei.dai.hybridserver.week11.XmlMultipleServersTestCase.testGetLocales(XmlMultipleServersTestCase.java:44)
</failure>
  </testcase>
  <testcase classname="es.uvigo.esei.dai.hybridserver.week11.XmlMultipleServersTestCase" name="testGetRemotes[Hybrid Server 1]" time="9.096" />
  <testcase classname="es.uvigo.esei.dai.hybridserver.week11.XmlMultipleServersTestCase" name="testInvalid[Hybrid Server 1]" time="13.583" />
  <testcase classname="es.uvigo.esei.dai.hybridserver.week11.XmlMultipleServersTestCase" name="testGetLocales[Hybrid Server 2]" time="5.252" />
  <testcase classname="es.uvigo.esei.dai.hybridserver.week11.XmlMultipleServersTestCase" name="testGetRemotes[Hybrid Server 2]" time="3.722">
    <failure message="&#xa;Expected: is Strings are not equal ignoring whitespaces&#xa;     but: was &quot;&lt;?xml version=\&quot;1.0\&quot; encoding=\&quot;UTF-8\&quot;?&gt;  &lt;people xmlns=\&quot;http://www.esei.uvigo.es/dai/proyecto\&quot;      xmlns:xsi=\&quot;http://www.w3.org/2001/XMLSchema-instance\&quot;     xsi:schemaLocation=\&quot;http://www.esei.uvigo.es/dai/proyecto sample.xsd\&quot;&gt;  &lt;person1 dni=\&quot;11111111A\&quot;&gt;&lt;name&gt;Pepe&lt;/name&gt;&lt;/person1&gt; &lt;/people&gt;&quot;" type="junit.framework.AssertionFailedError">junit.framework.AssertionFailedError: 
Expected: is Strings are not equal ignoring whitespaces
     but: was &quot;&lt;?xml version=\&quot;1.0\&quot; encoding=\&quot;UTF-8\&quot;?&gt;  &lt;people xmlns=\&quot;http://www.esei.uvigo.es/dai/proyecto\&quot;      xmlns:xsi=\&quot;http://www.w3.org/2001/XMLSchema-instance\&quot;     xsi:schemaLocation=\&quot;http://www.esei.uvigo.es/dai/proyecto sample.xsd\&quot;&gt;  &lt;person1 dni=\&quot;11111111A\&quot;&gt;&lt;name&gt;Pepe&lt;/name&gt;&lt;/person1&gt; &lt;/people&gt;&quot;
	at org.hamcrest.MatcherAssert.assertThat(MatcherAssert.java:18)
	at es.uvigo.esei.dai.hybridserver.week11.AbstractGetMultipleServersTestCase.testMultipleGets(AbstractGetMultipleServersTestCase.java:47)
	at es.uvigo.esei.dai.hybridserver.week11.XmlMultipleServersTestCase.testGetRemotes(XmlMultipleServersTestCase.java:52)
</failure>
  </testcase>
  <testcase classname="es.uvigo.esei.dai.hybridserver.week11.XmlMultipleServersTestCase" name="testInvalid[Hybrid Server 2]" time="13.725" />
  <testcase classname="es.uvigo.esei.dai.hybridserver.week11.XmlMultipleServersTestCase" name="testGetLocales[Hybrid Server 3]" time="5.252" />
  <testcase classname="es.uvigo.esei.dai.hybridserver.week11.XmlMultipleServersTestCase" name="testGetRemotes[Hybrid Server 3]" time="4.008">
    <failure message="&#xa;Expected: is Strings are not equal ignoring whitespaces&#xa;     but: was &quot;&lt;?xml version=\&quot;1.0\&quot; encoding=\&quot;UTF-8\&quot;?&gt;  &lt;people xmlns=\&quot;http://www.esei.uvigo.es/dai/proyecto\&quot;      xmlns:xsi=\&quot;http://www.w3.org/2001/XMLSchema-instance\&quot;     xsi:schemaLocation=\&quot;http://www.esei.uvigo.es/dai/proyecto sample.xsd\&quot;&gt;  &lt;person1 dni=\&quot;11111111A\&quot;&gt;&lt;name&gt;Pepe&lt;/name&gt;&lt;/person1&gt; &lt;/people&gt;&quot;" type="junit.framework.AssertionFailedError">junit.framework.AssertionFailedError: 
Expected: is Strings are not equal ignoring whitespaces
     but: was &quot;&lt;?xml version=\&quot;1.0\&quot; encoding=\&quot;UTF-8\&quot;?&gt;  &lt;people xmlns=\&quot;http://www.esei.uvigo.es/dai/proyecto\&quot;      xmlns:xsi=\&quot;http://www.w3.org/2001/XMLSchema-instance\&quot;     xsi:schemaLocation=\&quot;http://www.esei.uvigo.es/dai/proyecto sample.xsd\&quot;&gt;  &lt;person1 dni=\&quot;11111111A\&quot;&gt;&lt;name&gt;Pepe&lt;/name&gt;&lt;/person1&gt; &lt;/people&gt;&quot;
	at org.hamcrest.MatcherAssert.assertThat(MatcherAssert.java:18)
	at es.uvigo.esei.dai.hybridserver.week11.AbstractGetMultipleServersTestCase.testMultipleGets(AbstractGetMultipleServersTestCase.java:47)
	at es.uvigo.esei.dai.hybridserver.week11.XmlMultipleServersTestCase.testGetRemotes(XmlMultipleServersTestCase.java:52)
</failure>
  </testcase>
  <testcase classname="es.uvigo.esei.dai.hybridserver.week11.XmlMultipleServersTestCase" name="testInvalid[Hybrid Server 3]" time="13.819" />
  <testcase classname="es.uvigo.esei.dai.hybridserver.week11.XmlMultipleServersTestCase" name="testGetLocales[Hybrid Server 4]" time="5.248" />
  <testcase classname="es.uvigo.esei.dai.hybridserver.week11.XmlMultipleServersTestCase" name="testGetRemotes[Hybrid Server 4]" time="4.16">
    <failure message="&#xa;Expected: is Strings are not equal ignoring whitespaces&#xa;     but: was &quot;&lt;?xml version=\&quot;1.0\&quot; encoding=\&quot;UTF-8\&quot;?&gt;  &lt;people xmlns=\&quot;http://www.esei.uvigo.es/dai/proyecto\&quot;      xmlns:xsi=\&quot;http://www.w3.org/2001/XMLSchema-instance\&quot;     xsi:schemaLocation=\&quot;http://www.esei.uvigo.es/dai/proyecto sample.xsd\&quot;&gt;  &lt;person1 dni=\&quot;11111111A\&quot;&gt;&lt;name&gt;Pepe&lt;/name&gt;&lt;/person1&gt; &lt;/people&gt;&quot;" type="junit.framework.AssertionFailedError">junit.framework.AssertionFailedError: 
Expected: is Strings are not equal ignoring whitespaces
     but: was &quot;&lt;?xml version=\&quot;1.0\&quot; encoding=\&quot;UTF-8\&quot;?&gt;  &lt;people xmlns=\&quot;http://www.esei.uvigo.es/dai/proyecto\&quot;      xmlns:xsi=\&quot;http://www.w3.org/2001/XMLSchema-instance\&quot;     xsi:schemaLocation=\&quot;http://www.esei.uvigo.es/dai/proyecto sample.xsd\&quot;&gt;  &lt;person1 dni=\&quot;11111111A\&quot;&gt;&lt;name&gt;Pepe&lt;/name&gt;&lt;/person1&gt; &lt;/people&gt;&quot;
	at org.hamcrest.MatcherAssert.assertThat(MatcherAssert.java:18)
	at es.uvigo.esei.dai.hybridserver.week11.AbstractGetMultipleServersTestCase.testMultipleGets(AbstractGetMultipleServersTestCase.java:47)
	at es.uvigo.esei.dai.hybridserver.week11.XmlMultipleServersTestCase.testGetRemotes(XmlMultipleServersTestCase.java:52)
</failure>
  </testcase>
  <testcase classname="es.uvigo.esei.dai.hybridserver.week11.XmlMultipleServersTestCase" name="testInvalid[Hybrid Server 4]" time="14.045" />
  <testcase classname="es.uvigo.esei.dai.hybridserver.week11.XsdMultipleServersTestCase" name="testGetLocales[Hybrid Server 1]" time="4.778" />
  <testcase classname="es.uvigo.esei.dai.hybridserver.week11.XsdMultipleServersTestCase" name="testGetRemotes[Hybrid Server 1]" time="9.117" />
  <testcase classname="es.uvigo.esei.dai.hybridserver.week11.XsdMultipleServersTestCase" name="testInvalid[Hybrid Server 1]" time="14.057" />
  <testcase classname="es.uvigo.esei.dai.hybridserver.week11.XsdMultipleServersTestCase" name="testGetLocales[Hybrid Server 2]" time="5.182" />
  <testcase classname="es.uvigo.esei.dai.hybridserver.week11.XsdMultipleServersTestCase" name="testGetRemotes[Hybrid Server 2]" time="9.103" />
  <testcase classname="es.uvigo.esei.dai.hybridserver.week11.XsdMultipleServersTestCase" name="testInvalid[Hybrid Server 2]" time="14.033" />
  <testcase classname="es.uvigo.esei.dai.hybridserver.week11.XsdMultipleServersTestCase" name="testGetLocales[Hybrid Server 3]" time="5.555" />
  <testcase classname="es.uvigo.esei.dai.hybridserver.week11.XsdMultipleServersTestCase" name="testGetRemotes[Hybrid Server 3]" time="9.308" />
  <testcase classname="es.uvigo.esei.dai.hybridserver.week11.XsdMultipleServersTestCase" name="testInvalid[Hybrid Server 3]" time="13.895" />
  <testcase classname="es.uvigo.esei.dai.hybridserver.week11.XsdMultipleServersTestCase" name="testGetLocales[Hybrid Server 4]" time="5.066" />
  <testcase classname="es.uvigo.esei.dai.hybridserver.week11.XsdMultipleServersTestCase" name="testGetRemotes[Hybrid Server 4]" time="9.607" />
  <testcase classname="es.uvigo.esei.dai.hybridserver.week11.XsdMultipleServersTestCase" name="testInvalid[Hybrid Server 4]" time="13.716" />
  <testcase classname="es.uvigo.esei.dai.hybridserver.week11.XsltMultipleServersTestCase" name="testGetLocales[Hybrid Server 1]" time="4.972" />
  <testcase classname="es.uvigo.esei.dai.hybridserver.week11.XsltMultipleServersTestCase" name="testGetRemotes[Hybrid Server 1]" time="9.524" />
  <testcase classname="es.uvigo.esei.dai.hybridserver.week11.XsltMultipleServersTestCase" name="testInvalid[Hybrid Server 1]" time="13.847" />
  <testcase classname="es.uvigo.esei.dai.hybridserver.week11.XsltMultipleServersTestCase" name="testGetLocales[Hybrid Server 2]" time="4.913" />
  <testcase classname="es.uvigo.esei.dai.hybridserver.week11.XsltMultipleServersTestCase" name="testGetRemotes[Hybrid Server 2]" time="9.868" />
  <testcase classname="es.uvigo.esei.dai.hybridserver.week11.XsltMultipleServersTestCase" name="testInvalid[Hybrid Server 2]" time="13.675" />
  <testcase classname="es.uvigo.esei.dai.hybridserver.week11.XsltMultipleServersTestCase" name="testGetLocales[Hybrid Server 3]" time="5.692" />
  <testcase classname="es.uvigo.esei.dai.hybridserver.week11.XsltMultipleServersTestCase" name="testGetRemotes[Hybrid Server 3]" time="9.313" />
  <testcase classname="es.uvigo.esei.dai.hybridserver.week11.XsltMultipleServersTestCase" name="testInvalid[Hybrid Server 3]" time="13.814" />
  <testcase classname="es.uvigo.esei.dai.hybridserver.week11.XsltMultipleServersTestCase" name="testGetLocales[Hybrid Server 4]" time="5.184" />
  <testcase classname="es.uvigo.esei.dai.hybridserver.week11.XsltMultipleServersTestCase" name="testGetRemotes[Hybrid Server 4]" time="9.636" />
  <testcase classname="es.uvigo.esei.dai.hybridserver.week11.XsltMultipleServersTestCase" name="testInvalid[Hybrid Server 4]" time="13.684" />
  <testcase classname="es.uvigo.esei.dai.hybridserver.week11.TransformedMultipleServersTestCase" name="testBadXsltTransformations[Hybrid Server 1]" time="11.745" />
  <testcase classname="es.uvigo.esei.dai.hybridserver.week11.TransformedMultipleServersTestCase" name="testInvalidXsltTransformations[Hybrid Server 1]" time="7.65" />
  <testcase classname="es.uvigo.esei.dai.hybridserver.week11.TransformedMultipleServersTestCase" name="testBadXmlTransformations[Hybrid Server 1]" time="11.376" />
  <testcase classname="es.uvigo.esei.dai.hybridserver.week11.TransformedMultipleServersTestCase" name="testGetLocales[Hybrid Server 1]" time="7.621" />
  <testcase classname="es.uvigo.esei.dai.hybridserver.week11.TransformedMultipleServersTestCase" name="testCrossTransformations[Hybrid Server 1]" time="11.827" />
  <testcase classname="es.uvigo.esei.dai.hybridserver.week11.TransformedMultipleServersTestCase" name="testGetRemotes[Hybrid Server 1]" time="16.654" />
  <testcase classname="es.uvigo.esei.dai.hybridserver.week11.TransformedMultipleServersTestCase" name="testBadXsltTransformations[Hybrid Server 2]" time="11.668" />
  <testcase classname="es.uvigo.esei.dai.hybridserver.week11.TransformedMultipleServersTestCase" name="testInvalidXsltTransformations[Hybrid Server 2]" time="8.209" />
  <testcase classname="es.uvigo.esei.dai.hybridserver.week11.TransformedMultipleServersTestCase" name="testBadXmlTransformations[Hybrid Server 2]" time="11.519" />
  <testcase classname="es.uvigo.esei.dai.hybridserver.week11.TransformedMultipleServersTestCase" name="testGetLocales[Hybrid Server 2]" time="7.587" />
  <testcase classname="es.uvigo.esei.dai.hybridserver.week11.TransformedMultipleServersTestCase" name="testCrossTransformations[Hybrid Server 2]" time="11.503" />
  <testcase classname="es.uvigo.esei.dai.hybridserver.week11.TransformedMultipleServersTestCase" name="testGetRemotes[Hybrid Server 2]" time="16.768" />
  <testcase classname="es.uvigo.esei.dai.hybridserver.week11.TransformedMultipleServersTestCase" name="testBadXsltTransformations[Hybrid Server 3]" time="12.189" />
  <testcase classname="es.uvigo.esei.dai.hybridserver.week11.TransformedMultipleServersTestCase" name="testInvalidXsltTransformations[Hybrid Server 3]" time="7.764" />
  <testcase classname="es.uvigo.esei.dai.hybridserver.week11.TransformedMultipleServersTestCase" name="testBadXmlTransformations[Hybrid Server 3]" time="11.487" />
  <testcase classname="es.uvigo.esei.dai.hybridserver.week11.TransformedMultipleServersTestCase" name="testGetLocales[Hybrid Server 3]" time="7.223" />
  <testcase classname="es.uvigo.esei.dai.hybridserver.week11.TransformedMultipleServersTestCase" name="testCrossTransformations[Hybrid Server 3]" time="11.751" />
  <testcase classname="es.uvigo.esei.dai.hybridserver.week11.TransformedMultipleServersTestCase" name="testGetRemotes[Hybrid Server 3]" time="16.976" />
  <testcase classname="es.uvigo.esei.dai.hybridserver.week11.TransformedMultipleServersTestCase" name="testBadXsltTransformations[Hybrid Server 4]" time="12.588" />
  <testcase classname="es.uvigo.esei.dai.hybridserver.week11.TransformedMultipleServersTestCase" name="testInvalidXsltTransformations[Hybrid Server 4]" time="7.842" />
  <testcase classname="es.uvigo.esei.dai.hybridserver.week11.TransformedMultipleServersTestCase" name="testBadXmlTransformations[Hybrid Server 4]" time="12.392" />
  <testcase classname="es.uvigo.esei.dai.hybridserver.week11.TransformedMultipleServersTestCase" name="testGetLocales[Hybrid Server 4]" time="7.545" />
  <testcase classname="es.uvigo.esei.dai.hybridserver.week11.TransformedMultipleServersTestCase" name="testCrossTransformations[Hybrid Server 4]" time="11.78" />
  <testcase classname="es.uvigo.esei.dai.hybridserver.week11.TransformedMultipleServersTestCase" name="testGetRemotes[Hybrid Server 4]" time="16.871" />
  <system-out><![CDATA[Publicando servicios web... 
Inicializando servidor... 	[OK]
Esperando conexiones entrantes...
GET / HTTP/1.1
Connection: close
Content-encoding: UTF-8
Host: localhost:8888
User-Agent: Apache-HttpClient/4.3.5 (java 1.5)
Accept-Encoding: gzip,deflate

HTTP/1.1 200 OK
Content-Type: text/html
Content-Length: 144

<html><head><meta charset='UTF-8'></head> <p><strong>Hybrid Server</strong></p> Iago Fernández González & Jose Eugenio González Fernández</html>

GET / HTTP/1.1
Connection: close
Content-encoding: UTF-8
Host: localhost:8888
User-Agent: Apache-HttpClient/4.3.5 (java 1.5)
Accept-Encoding: gzip,deflate

HTTP/1.1 200 OK
Content-Type: text/html
Content-Length: 144

<html><head><meta charset='UTF-8'></head> <p><strong>Hybrid Server</strong></p> Iago Fernández González & Jose Eugenio González Fernández</html>

GET / HTTP/1.1
Connection: close
Content-encoding: UTF-8
Host: localhost:8888
User-Agent: Apache-HttpClient/4.3.5 (java 1.5)
Accept-Encoding: gzip,deflate

HTTP/1.1 200 OK
Content-Type: text/html
Content-Length: 144

<html><head><meta charset='UTF-8'></head> <p><strong>Hybrid Server</strong></p> Iago Fernández González & Jose Eugenio González Fernández</html>

GET / HTTP/1.1
Connection: close
Content-encoding: UTF-8
Host: localhost:8888
User-Agent: Apache-HttpClient/4.3.5 (java 1.5)
Accept-Encoding: gzip,deflate

HTTP/1.1 200 OK
Content-Type: text/html
Content-Length: 144

<html><head><meta charset='UTF-8'></head> <p><strong>Hybrid Server</strong></p> Iago Fernández González & Jose Eugenio González Fernández</html>

GET / HTTP/1.1
Connection: close
Content-encoding: UTF-8
Host: localhost:8888
User-Agent: Apache-HttpClient/4.3.5 (java 1.5)
Accept-Encoding: gzip,deflate

HTTP/1.1 200 OK
Content-Type: text/html
Content-Length: 144

<html><head><meta charset='UTF-8'></head> <p><strong>Hybrid Server</strong></p> Iago Fernández González & Jose Eugenio González Fernández</html>

GET / HTTP/1.1
Connection: close
Content-encoding: UTF-8
Host: localhost:8888
User-Agent: Apache-HttpClient/4.3.5 (java 1.5)
Accept-Encoding: gzip,deflate

HTTP/1.1 200 OK
Content-Type: text/html
Content-Length: 144

<html><head><meta charset='UTF-8'></head> <p><strong>Hybrid Server</strong></p> Iago Fernández González & Jose Eugenio González Fernández</html>

GET / HTTP/1.1
Connection: close
Content-encoding: UTF-8
Host: localhost:8888
User-Agent: Apache-HttpClient/4.3.5 (java 1.5)
Accept-Encoding: gzip,deflate

HTTP/1.1 200 OK
Content-Type: text/html
Content-Length: 144

<html><head><meta charset='UTF-8'></head> <p><strong>Hybrid Server</strong></p> Iago Fernández González & Jose Eugenio González Fernández</html>

GET / HTTP/1.1
Connection: close
Content-encoding: UTF-8
Host: localhost:8888
User-Agent: Apache-HttpClient/4.3.5 (java 1.5)
Accept-Encoding: gzip,deflate

HTTP/1.1 200 OK
Content-Type: text/html
Content-Length: 144

<html><head><meta charset='UTF-8'></head> <p><strong>Hybrid Server</strong></p> Iago Fernández González & Jose Eugenio González Fernández</html>

GET / HTTP/1.1
Connection: close
Content-encoding: UTF-8
Host: localhost:8888
User-Agent: Apache-HttpClient/4.3.5 (java 1.5)
Accept-Encoding: gzip,deflate

HTTP/1.1 200 OK
Content-Type: text/html
Content-Length: 144

<html><head><meta charset='UTF-8'></head> <p><strong>Hybrid Server</strong></p> Iago Fernández González & Jose Eugenio González Fernández</html>

GET / HTTP/1.1
Connection: close
Content-encoding: UTF-8
Host: localhost:8888
User-Agent: Apache-HttpClient/4.3.5 (java 1.5)
Accept-Encoding: gzip,deflate

HTTP/1.1 200 OK
Content-Type: text/html
Content-Length: 144

<html><head><meta charset='UTF-8'></head> <p><strong>Hybrid Server</strong></p> Iago Fernández González & Jose Eugenio González Fernández</html>

Publicando servicios web... 
Inicializando servidor... 	[OK]
Esperando conexiones entrantes...
GET / HTTP/1.1
Connection: close
Content-encoding: UTF-8
Host: localhost:8888
User-Agent: Apache-HttpClient/4.3.5 (java 1.5)
Accept-Encoding: gzip,deflate

HTTP/1.1 200 OK
Content-Type: text/html
Content-Length: 144

<html><head><meta charset='UTF-8'></head> <p><strong>Hybrid Server</strong></p> Iago Fernández González & Jose Eugenio González Fernández</html>

Publicando servicios web... 
Inicializando servidor... 	[OK]
Esperando conexiones entrantes...
GET / HTTP/1.1
Connection: close
Content-encoding: UTF-8
Host: localhost:1234
User-Agent: Apache-HttpClient/4.3.5 (java 1.5)
Accept-Encoding: gzip,deflate

HTTP/1.1 200 OK
Content-Type: text/html
Content-Length: 144

<html><head><meta charset='UTF-8'></head> <p><strong>Hybrid Server</strong></p> Iago Fernández González & Jose Eugenio González Fernández</html>

GET / HTTP/1.1
Connection: close
Content-encoding: UTF-8
Host: localhost:1234
User-Agent: Apache-HttpClient/4.3.5 (java 1.5)
Accept-Encoding: gzip,deflate

HTTP/1.1 200 OK
Content-Type: text/html
Content-Length: 144

<html><head><meta charset='UTF-8'></head> <p><strong>Hybrid Server</strong></p> Iago Fernández González & Jose Eugenio González Fernández</html>

GET / HTTP/1.1
Connection: close
Content-encoding: UTF-8
Host: localhost:1234
User-Agent: Apache-HttpClient/4.3.5 (java 1.5)
Accept-Encoding: gzip,deflate

HTTP/1.1 200 OK
Content-Type: text/html
Content-Length: 144

<html><head><meta charset='UTF-8'></head> <p><strong>Hybrid Server</strong></p> Iago Fernández González & Jose Eugenio González Fernández</html>

GET / HTTP/1.1
Connection: close
Content-encoding: UTF-8
Host: localhost:1234
User-Agent: Apache-HttpClient/4.3.5 (java 1.5)
Accept-Encoding: gzip,deflate

HTTP/1.1 200 OK
Content-Type: text/html
Content-Length: 144

<html><head><meta charset='UTF-8'></head> <p><strong>Hybrid Server</strong></p> Iago Fernández González & Jose Eugenio González Fernández</html>

GET / HTTP/1.1
Connection: close
Content-encoding: UTF-8
Host: localhost:1234
User-Agent: Apache-HttpClient/4.3.5 (java 1.5)
Accept-Encoding: gzip,deflate

HTTP/1.1 200 OK
Content-Type: text/html
Content-Length: 144

<html><head><meta charset='UTF-8'></head> <p><strong>Hybrid Server</strong></p> Iago Fernández González & Jose Eugenio González Fernández</html>

GET / HTTP/1.1
Connection: close
Content-encoding: UTF-8
Host: localhost:1234
User-Agent: Apache-HttpClient/4.3.5 (java 1.5)
Accept-Encoding: gzip,deflate

HTTP/1.1 200 OK
Content-Type: text/html
Content-Length: 144

<html><head><meta charset='UTF-8'></head> <p><strong>Hybrid Server</strong></p> Iago Fernández González & Jose Eugenio González Fernández</html>

GET / HTTP/1.1
Connection: close
Content-encoding: UTF-8
Host: localhost:1234
User-Agent: Apache-HttpClient/4.3.5 (java 1.5)
Accept-Encoding: gzip,deflate

HTTP/1.1 200 OK
Content-Type: text/html
Content-Length: 144

<html><head><meta charset='UTF-8'></head> <p><strong>Hybrid Server</strong></p> Iago Fernández González & Jose Eugenio González Fernández</html>

GET / HTTP/1.1
Connection: close
Content-encoding: UTF-8
Host: localhost:1234
User-Agent: Apache-HttpClient/4.3.5 (java 1.5)
Accept-Encoding: gzip,deflate

HTTP/1.1 200 OK
Content-Type: text/html
Content-Length: 144

<html><head><meta charset='UTF-8'></head> <p><strong>Hybrid Server</strong></p> Iago Fernández González & Jose Eugenio González Fernández</html>

GET / HTTP/1.1
Connection: close
Content-encoding: UTF-8
Host: localhost:1234
User-Agent: Apache-HttpClient/4.3.5 (java 1.5)
Accept-Encoding: gzip,deflate

HTTP/1.1 200 OK
Content-Type: text/html
Content-Length: 144

<html><head><meta charset='UTF-8'></head> <p><strong>Hybrid Server</strong></p> Iago Fernández González & Jose Eugenio González Fernández</html>

GET / HTTP/1.1
Connection: close
Content-encoding: UTF-8
Host: localhost:1234
User-Agent: Apache-HttpClient/4.3.5 (java 1.5)
Accept-Encoding: gzip,deflate

HTTP/1.1 200 OK
Content-Type: text/html
Content-Length: 144

<html><head><meta charset='UTF-8'></head> <p><strong>Hybrid Server</strong></p> Iago Fernández González & Jose Eugenio González Fernández</html>

Publicando servicios web... 
Inicializando servidor... 	[OK]
Esperando conexiones entrantes...
GET / HTTP/1.1
Connection: close
Content-encoding: UTF-8
Host: localhost:1234
User-Agent: Apache-HttpClient/4.3.5 (java 1.5)
Accept-Encoding: gzip,deflate

HTTP/1.1 200 OK
Content-Type: text/html
Content-Length: 144

<html><head><meta charset='UTF-8'></head> <p><strong>Hybrid Server</strong></p> Iago Fernández González & Jose Eugenio González Fernández</html>

Publicando servicios web... 
Inicializando servidor... 	[OK]
Esperando conexiones entrantes...
GET / HTTP/1.1
Connection: close
Content-encoding: UTF-8
Host: localhost:4242
User-Agent: Apache-HttpClient/4.3.5 (java 1.5)
Accept-Encoding: gzip,deflate

HTTP/1.1 200 OK
Content-Type: text/html
Content-Length: 144

<html><head><meta charset='UTF-8'></head> <p><strong>Hybrid Server</strong></p> Iago Fernández González & Jose Eugenio González Fernández</html>

GET / HTTP/1.1
Connection: close
Content-encoding: UTF-8
Host: localhost:4242
User-Agent: Apache-HttpClient/4.3.5 (java 1.5)
Accept-Encoding: gzip,deflate

HTTP/1.1 200 OK
Content-Type: text/html
Content-Length: 144

<html><head><meta charset='UTF-8'></head> <p><strong>Hybrid Server</strong></p> Iago Fernández González & Jose Eugenio González Fernández</html>

GET / HTTP/1.1
Connection: close
Content-encoding: UTF-8
Host: localhost:4242
User-Agent: Apache-HttpClient/4.3.5 (java 1.5)
Accept-Encoding: gzip,deflate

HTTP/1.1 200 OK
Content-Type: text/html
Content-Length: 144

<html><head><meta charset='UTF-8'></head> <p><strong>Hybrid Server</strong></p> Iago Fernández González & Jose Eugenio González Fernández</html>

GET / HTTP/1.1
Connection: close
Content-encoding: UTF-8
Host: localhost:4242
User-Agent: Apache-HttpClient/4.3.5 (java 1.5)
Accept-Encoding: gzip,deflate

HTTP/1.1 200 OK
Content-Type: text/html
Content-Length: 144

<html><head><meta charset='UTF-8'></head> <p><strong>Hybrid Server</strong></p> Iago Fernández González & Jose Eugenio González Fernández</html>

GET / HTTP/1.1
Connection: close
Content-encoding: UTF-8
Host: localhost:4242
User-Agent: Apache-HttpClient/4.3.5 (java 1.5)
Accept-Encoding: gzip,deflate

HTTP/1.1 200 OK
Content-Type: text/html
Content-Length: 144

<html><head><meta charset='UTF-8'></head> <p><strong>Hybrid Server</strong></p> Iago Fernández González & Jose Eugenio González Fernández</html>

GET / HTTP/1.1
Connection: close
Content-encoding: UTF-8
Host: localhost:4242
User-Agent: Apache-HttpClient/4.3.5 (java 1.5)
Accept-Encoding: gzip,deflate

HTTP/1.1 200 OK
Content-Type: text/html
Content-Length: 144

<html><head><meta charset='UTF-8'></head> <p><strong>Hybrid Server</strong></p> Iago Fernández González & Jose Eugenio González Fernández</html>

GET / HTTP/1.1
Connection: close
Content-encoding: UTF-8
Host: localhost:4242
User-Agent: Apache-HttpClient/4.3.5 (java 1.5)
Accept-Encoding: gzip,deflate

HTTP/1.1 200 OK
Content-Type: text/html
Content-Length: 144

<html><head><meta charset='UTF-8'></head> <p><strong>Hybrid Server</strong></p> Iago Fernández González & Jose Eugenio González Fernández</html>

Publicando servicios web... 
Inicializando servidor... 	[OK]
Esperando conexiones entrantes...
GET / HTTP/1.1
Connection: close
Content-encoding: UTF-8
Host: localhost:4242
User-Agent: Apache-HttpClient/4.3.5 (java 1.5)
Accept-Encoding: gzip,deflate

HTTP/1.1 200 OK
Content-Type: text/html
Content-Length: 144

<html><head><meta charset='UTF-8'></head> <p><strong>Hybrid Server</strong></p> Iago Fernández González & Jose Eugenio González Fernández</html>

Publicando servicios web... 
Inicializando servidor... 	[OK]
Esperando conexiones entrantes...
GET / HTTP/1.1
Connection: close
Content-encoding: UTF-8
Host: localhost:7315
User-Agent: Apache-HttpClient/4.3.5 (java 1.5)
Accept-Encoding: gzip,deflate

HTTP/1.1 200 OK
Content-Type: text/html
Content-Length: 144

<html><head><meta charset='UTF-8'></head> <p><strong>Hybrid Server</strong></p> Iago Fernández González & Jose Eugenio González Fernández</html>

GET / HTTP/1.1
Connection: close
Content-encoding: UTF-8
Host: localhost:7315
User-Agent: Apache-HttpClient/4.3.5 (java 1.5)
Accept-Encoding: gzip,deflate

HTTP/1.1 200 OK
Content-Type: text/html
Content-Length: 144

<html><head><meta charset='UTF-8'></head> <p><strong>Hybrid Server</strong></p> Iago Fernández González & Jose Eugenio González Fernández</html>

GET / HTTP/1.1
Connection: close
Content-encoding: UTF-8
Host: localhost:7315
User-Agent: Apache-HttpClient/4.3.5 (java 1.5)
Accept-Encoding: gzip,deflate

HTTP/1.1 200 OK
Content-Type: text/html
Content-Length: 144

<html><head><meta charset='UTF-8'></head> <p><strong>Hybrid Server</strong></p> Iago Fernández González & Jose Eugenio González Fernández</html>

GET / HTTP/1.1
Connection: close
Content-encoding: UTF-8
Host: localhost:7315
User-Agent: Apache-HttpClient/4.3.5 (java 1.5)
Accept-Encoding: gzip,deflate

HTTP/1.1 200 OK
Content-Type: text/html
Content-Length: 144

<html><head><meta charset='UTF-8'></head> <p><strong>Hybrid Server</strong></p> Iago Fernández González & Jose Eugenio González Fernández</html>

GET / HTTP/1.1
Connection: close
Content-encoding: UTF-8
Host: localhost:7315
User-Agent: Apache-HttpClient/4.3.5 (java 1.5)
Accept-Encoding: gzip,deflate

HTTP/1.1 200 OK
Content-Type: text/html
Content-Length: 144

<html><head><meta charset='UTF-8'></head> <p><strong>Hybrid Server</strong></p> Iago Fernández González & Jose Eugenio González Fernández</html>

GET / HTTP/1.1
Connection: close
Content-encoding: UTF-8
Host: localhost:7315
User-Agent: Apache-HttpClient/4.3.5 (java 1.5)
Accept-Encoding: gzip,deflate

HTTP/1.1 200 OK
Content-Type: text/html
Content-Length: 144

<html><head><meta charset='UTF-8'></head> <p><strong>Hybrid Server</strong></p> Iago Fernández González & Jose Eugenio González Fernández</html>

GET / HTTP/1.1
Connection: close
Content-encoding: UTF-8
Host: localhost:7315
User-Agent: Apache-HttpClient/4.3.5 (java 1.5)
Accept-Encoding: gzip,deflate

HTTP/1.1 200 OK
Content-Type: text/html
Content-Length: 144

<html><head><meta charset='UTF-8'></head> <p><strong>Hybrid Server</strong></p> Iago Fernández González & Jose Eugenio González Fernández</html>

GET / HTTP/1.1
Connection: close
Content-encoding: UTF-8
Host: localhost:7315
User-Agent: Apache-HttpClient/4.3.5 (java 1.5)
Accept-Encoding: gzip,deflate

HTTP/1.1 200 OK
Content-Type: text/html
Content-Length: 144

<html><head><meta charset='UTF-8'></head> <p><strong>Hybrid Server</strong></p> Iago Fernández González & Jose Eugenio González Fernández</html>

GET / HTTP/1.1
Connection: close
Content-encoding: UTF-8
Host: localhost:7315
User-Agent: Apache-HttpClient/4.3.5 (java 1.5)
Accept-Encoding: gzip,deflate

HTTP/1.1 200 OK
Content-Type: text/html
Content-Length: 144

<html><head><meta charset='UTF-8'></head> <p><strong>Hybrid Server</strong></p> Iago Fernández González & Jose Eugenio González Fernández</html>

GET / HTTP/1.1
Connection: close
Content-encoding: UTF-8
Host: localhost:7315
User-Agent: Apache-HttpClient/4.3.5 (java 1.5)
Accept-Encoding: gzip,deflate

HTTP/1.1 200 OK
Content-Type: text/html
Content-Length: 144

<html><head><meta charset='UTF-8'></head> <p><strong>Hybrid Server</strong></p> Iago Fernández González & Jose Eugenio González Fernández</html>

Publicando servicios web... 
Inicializando servidor... 	[OK]
Esperando conexiones entrantes...
GET / HTTP/1.1
Connection: close
Content-encoding: UTF-8
Host: localhost:7315
User-Agent: Apache-HttpClient/4.3.5 (java 1.5)
Accept-Encoding: gzip,deflate

HTTP/1.1 200 OK
Content-Type: text/html
Content-Length: 144

<html><head><meta charset='UTF-8'></head> <p><strong>Hybrid Server</strong></p> Iago Fernández González & Jose Eugenio González Fernández</html>

Publicando servicios web... 
Inicializando servidor... 	[OK]
Esperando conexiones entrantes...
GET / HTTP/1.1
Connection: close
Content-encoding: UTF-8
Host: localhost:8833
User-Agent: Apache-HttpClient/4.3.5 (java 1.5)
Accept-Encoding: gzip,deflate

HTTP/1.1 200 OK
Content-Type: text/html
Content-Length: 144

<html><head><meta charset='UTF-8'></head> <p><strong>Hybrid Server</strong></p> Iago Fernández González & Jose Eugenio González Fernández</html>

GET / HTTP/1.1
Connection: close
Content-encoding: UTF-8
Host: localhost:8833
User-Agent: Apache-HttpClient/4.3.5 (java 1.5)
Accept-Encoding: gzip,deflate

HTTP/1.1 200 OK
Content-Type: text/html
Content-Length: 144

<html><head><meta charset='UTF-8'></head> <p><strong>Hybrid Server</strong></p> Iago Fernández González & Jose Eugenio González Fernández</html>

GET / HTTP/1.1
Connection: close
Content-encoding: UTF-8
Host: localhost:8833
User-Agent: Apache-HttpClient/4.3.5 (java 1.5)
Accept-Encoding: gzip,deflate

HTTP/1.1 200 OK
Content-Type: text/html
Content-Length: 144

<html><head><meta charset='UTF-8'></head> <p><strong>Hybrid Server</strong></p> Iago Fernández González & Jose Eugenio González Fernández</html>

GET / HTTP/1.1
Connection: close
Content-encoding: UTF-8
Host: localhost:8833
User-Agent: Apache-HttpClient/4.3.5 (java 1.5)
Accept-Encoding: gzip,deflate

HTTP/1.1 200 OK
Content-Type: text/html
Content-Length: 144

<html><head><meta charset='UTF-8'></head> <p><strong>Hybrid Server</strong></p> Iago Fernández González & Jose Eugenio González Fernández</html>

GET / HTTP/1.1
Connection: close
Content-encoding: UTF-8
Host: localhost:8833
User-Agent: Apache-HttpClient/4.3.5 (java 1.5)
Accept-Encoding: gzip,deflate

HTTP/1.1 200 OK
Content-Type: text/html
Content-Length: 144

<html><head><meta charset='UTF-8'></head> <p><strong>Hybrid Server</strong></p> Iago Fernández González & Jose Eugenio González Fernández</html>

GET / HTTP/1.1
Connection: close
Content-encoding: UTF-8
Host: localhost:8833
User-Agent: Apache-HttpClient/4.3.5 (java 1.5)
Accept-Encoding: gzip,deflate

HTTP/1.1 200 OK
Content-Type: text/html
Content-Length: 144

<html><head><meta charset='UTF-8'></head> <p><strong>Hybrid Server</strong></p> Iago Fernández González & Jose Eugenio González Fernández</html>

GET / HTTP/1.1
Connection: close
Content-encoding: UTF-8
Host: localhost:8833
User-Agent: Apache-HttpClient/4.3.5 (java 1.5)
Accept-Encoding: gzip,deflate

HTTP/1.1 200 OK
Content-Type: text/html
Content-Length: 144

<html><head><meta charset='UTF-8'></head> <p><strong>Hybrid Server</strong></p> Iago Fernández González & Jose Eugenio González Fernández</html>

GET / HTTP/1.1
Connection: close
Content-encoding: UTF-8
Host: localhost:8833
User-Agent: Apache-HttpClient/4.3.5 (java 1.5)
Accept-Encoding: gzip,deflate

HTTP/1.1 200 OK
Content-Type: text/html
Content-Length: 144

<html><head><meta charset='UTF-8'></head> <p><strong>Hybrid Server</strong></p> Iago Fernández González & Jose Eugenio González Fernández</html>

GET / HTTP/1.1
Connection: close
Content-encoding: UTF-8
Host: localhost:8833
User-Agent: Apache-HttpClient/4.3.5 (java 1.5)
Accept-Encoding: gzip,deflate

HTTP/1.1 200 OK
Content-Type: text/html
Content-Length: 144

<html><head><meta charset='UTF-8'></head> <p><strong>Hybrid Server</strong></p> Iago Fernández González & Jose Eugenio González Fernández</html>

GET / HTTP/1.1
Connection: close
Content-encoding: UTF-8
Host: localhost:8833
User-Agent: Apache-HttpClient/4.3.5 (java 1.5)
Accept-Encoding: gzip,deflate

HTTP/1.1 200 OK
Content-Type: text/html
Content-Length: 144

<html><head><meta charset='UTF-8'></head> <p><strong>Hybrid Server</strong></p> Iago Fernández González & Jose Eugenio González Fernández</html>

Publicando servicios web... 
Inicializando servidor... 	[OK]
Esperando conexiones entrantes...
GET / HTTP/1.1
Connection: close
Content-encoding: UTF-8
Host: localhost:8833
User-Agent: Apache-HttpClient/4.3.5 (java 1.5)
Accept-Encoding: gzip,deflate

HTTP/1.1 200 OK
Content-Type: text/html
Content-Length: 144

<html><head><meta charset='UTF-8'></head> <p><strong>Hybrid Server</strong></p> Iago Fernández González & Jose Eugenio González Fernández</html>

Publicando servicios web... 
Inicializando servidor... 	[OK]
Esperando conexiones entrantes...
GET / HTTP/1.1
Connection: close
Content-encoding: UTF-8
Host: localhost:10201
User-Agent: Apache-HttpClient/4.3.5 (java 1.5)
Accept-Encoding: gzip,deflate

HTTP/1.1 200 OK
Content-Type: text/html
Content-Length: 144

<html><head><meta charset='UTF-8'></head> <p><strong>Hybrid Server</strong></p> Iago Fernández González & Jose Eugenio González Fernández</html>

GET / HTTP/1.1
Connection: close
Content-encoding: UTF-8
Host: localhost:10201
User-Agent: Apache-HttpClient/4.3.5 (java 1.5)
Accept-Encoding: gzip,deflate

HTTP/1.1 200 OK
Content-Type: text/html
Content-Length: 144

<html><head><meta charset='UTF-8'></head> <p><strong>Hybrid Server</strong></p> Iago Fernández González & Jose Eugenio González Fernández</html>

GET / HTTP/1.1
Connection: close
Content-encoding: UTF-8
Host: localhost:10201
User-Agent: Apache-HttpClient/4.3.5 (java 1.5)
Accept-Encoding: gzip,deflate

HTTP/1.1 200 OK
Content-Type: text/html
Content-Length: 144

<html><head><meta charset='UTF-8'></head> <p><strong>Hybrid Server</strong></p> Iago Fernández González & Jose Eugenio González Fernández</html>

GET / HTTP/1.1
Connection: close
Content-encoding: UTF-8
Host: localhost:10201
User-Agent: Apache-HttpClient/4.3.5 (java 1.5)
Accept-Encoding: gzip,deflate

HTTP/1.1 200 OK
Content-Type: text/html
Content-Length: 144

<html><head><meta charset='UTF-8'></head> <p><strong>Hybrid Server</strong></p> Iago Fernández González & Jose Eugenio González Fernández</html>

GET / HTTP/1.1
Connection: close
Content-encoding: UTF-8
Host: localhost:10201
User-Agent: Apache-HttpClient/4.3.5 (java 1.5)
Accept-Encoding: gzip,deflate

HTTP/1.1 200 OK
Content-Type: text/html
Content-Length: 144

<html><head><meta charset='UTF-8'></head> <p><strong>Hybrid Server</strong></p> Iago Fernández González & Jose Eugenio González Fernández</html>

GET / HTTP/1.1
Connection: close
Content-encoding: UTF-8
Host: localhost:10201
User-Agent: Apache-HttpClient/4.3.5 (java 1.5)
Accept-Encoding: gzip,deflate

HTTP/1.1 200 OK
Content-Type: text/html
Content-Length: 144

<html><head><meta charset='UTF-8'></head> <p><strong>Hybrid Server</strong></p> Iago Fernández González & Jose Eugenio González Fernández</html>

GET / HTTP/1.1
Connection: close
Content-encoding: UTF-8
Host: localhost:10201
User-Agent: Apache-HttpClient/4.3.5 (java 1.5)
Accept-Encoding: gzip,deflate

HTTP/1.1 200 OK
Content-Type: text/html
Content-Length: 144

<html><head><meta charset='UTF-8'></head> <p><strong>Hybrid Server</strong></p> Iago Fernández González & Jose Eugenio González Fernández</html>

GET / HTTP/1.1
Connection: close
Content-encoding: UTF-8
Host: localhost:10201
User-Agent: Apache-HttpClient/4.3.5 (java 1.5)
Accept-Encoding: gzip,deflate

HTTP/1.1 200 OK
Content-Type: text/html
Content-Length: 144

<html><head><meta charset='UTF-8'></head> <p><strong>Hybrid Server</strong></p> Iago Fernández González & Jose Eugenio González Fernández</html>

GET / HTTP/1.1
Connection: close
Content-encoding: UTF-8
Host: localhost:10201
User-Agent: Apache-HttpClient/4.3.5 (java 1.5)
Accept-Encoding: gzip,deflate

HTTP/1.1 200 OK
Content-Type: text/html
Content-Length: 144

<html><head><meta charset='UTF-8'></head> <p><strong>Hybrid Server</strong></p> Iago Fernández González & Jose Eugenio González Fernández</html>

GET / HTTP/1.1
Connection: close
Content-encoding: UTF-8
Host: localhost:10201
User-Agent: Apache-HttpClient/4.3.5 (java 1.5)
Accept-Encoding: gzip,deflate

HTTP/1.1 200 OK
Content-Type: text/html
Content-Length: 144

<html><head><meta charset='UTF-8'></head> <p><strong>Hybrid Server</strong></p> Iago Fernández González & Jose Eugenio González Fernández</html>

Publicando servicios web... 
Inicializando servidor... 	[OK]
Esperando conexiones entrantes...
GET / HTTP/1.1
Connection: close
Content-encoding: UTF-8
Host: localhost:10201
User-Agent: Apache-HttpClient/4.3.5 (java 1.5)
Accept-Encoding: gzip,deflate

HTTP/1.1 200 OK
Content-Type: text/html
Content-Length: 144

<html><head><meta charset='UTF-8'></head> <p><strong>Hybrid Server</strong></p> Iago Fernández González & Jose Eugenio González Fernández</html>

Publicando servicios web... 
Inicializando servidor... 	[OK]
Esperando conexiones entrantes...
GET / HTTP/1.1
Connection: close
Content-encoding: UTF-8
Host: localhost:21386
User-Agent: Apache-HttpClient/4.3.5 (java 1.5)
Accept-Encoding: gzip,deflate

HTTP/1.1 200 OK
Content-Type: text/html
Content-Length: 144

<html><head><meta charset='UTF-8'></head> <p><strong>Hybrid Server</strong></p> Iago Fernández González & Jose Eugenio González Fernández</html>

GET / HTTP/1.1
Connection: close
Content-encoding: UTF-8
Host: localhost:21386
User-Agent: Apache-HttpClient/4.3.5 (java 1.5)
Accept-Encoding: gzip,deflate

HTTP/1.1 200 OK
Content-Type: text/html
Content-Length: 144

<html><head><meta charset='UTF-8'></head> <p><strong>Hybrid Server</strong></p> Iago Fernández González & Jose Eugenio González Fernández</html>

GET / HTTP/1.1
Connection: close
Content-encoding: UTF-8
Host: localhost:21386
User-Agent: Apache-HttpClient/4.3.5 (java 1.5)
Accept-Encoding: gzip,deflate

HTTP/1.1 200 OK
Content-Type: text/html
Content-Length: 144

<html><head><meta charset='UTF-8'></head> <p><strong>Hybrid Server</strong></p> Iago Fernández González & Jose Eugenio González Fernández</html>

GET / HTTP/1.1
Connection: close
Content-encoding: UTF-8
Host: localhost:21386
User-Agent: Apache-HttpClient/4.3.5 (java 1.5)
Accept-Encoding: gzip,deflate

HTTP/1.1 200 OK
Content-Type: text/html
Content-Length: 144

<html><head><meta charset='UTF-8'></head> <p><strong>Hybrid Server</strong></p> Iago Fernández González & Jose Eugenio González Fernández</html>

GET / HTTP/1.1
Connection: close
Content-encoding: UTF-8
Host: localhost:21386
User-Agent: Apache-HttpClient/4.3.5 (java 1.5)
Accept-Encoding: gzip,deflate

HTTP/1.1 200 OK
Content-Type: text/html
Content-Length: 144

<html><head><meta charset='UTF-8'></head> <p><strong>Hybrid Server</strong></p> Iago Fernández González & Jose Eugenio González Fernández</html>

GET / HTTP/1.1
Connection: close
Content-encoding: UTF-8
Host: localhost:21386
User-Agent: Apache-HttpClient/4.3.5 (java 1.5)
Accept-Encoding: gzip,deflate

HTTP/1.1 200 OK
Content-Type: text/html
Content-Length: 144

<html><head><meta charset='UTF-8'></head> <p><strong>Hybrid Server</strong></p> Iago Fernández González & Jose Eugenio González Fernández</html>

GET / HTTP/1.1
Connection: close
Content-encoding: UTF-8
Host: localhost:21386
User-Agent: Apache-HttpClient/4.3.5 (java 1.5)
Accept-Encoding: gzip,deflate

HTTP/1.1 200 OK
Content-Type: text/html
Content-Length: 144

<html><head><meta charset='UTF-8'></head> <p><strong>Hybrid Server</strong></p> Iago Fernández González & Jose Eugenio González Fernández</html>

GET / HTTP/1.1
Connection: close
Content-encoding: UTF-8
Host: localhost:21386
User-Agent: Apache-HttpClient/4.3.5 (java 1.5)
Accept-Encoding: gzip,deflate

HTTP/1.1 200 OK
Content-Type: text/html
Content-Length: 144

<html><head><meta charset='UTF-8'></head> <p><strong>Hybrid Server</strong></p> Iago Fernández González & Jose Eugenio González Fernández</html>

GET / HTTP/1.1
Connection: close
Content-encoding: UTF-8
Host: localhost:21386
User-Agent: Apache-HttpClient/4.3.5 (java 1.5)
Accept-Encoding: gzip,deflate

HTTP/1.1 200 OK
Content-Type: text/html
Content-Length: 144

<html><head><meta charset='UTF-8'></head> <p><strong>Hybrid Server</strong></p> Iago Fernández González & Jose Eugenio González Fernández</html>

GET / HTTP/1.1
Connection: close
Content-encoding: UTF-8
Host: localhost:21386
User-Agent: Apache-HttpClient/4.3.5 (java 1.5)
Accept-Encoding: gzip,deflate

HTTP/1.1 200 OK
Content-Type: text/html
Content-Length: 144

<html><head><meta charset='UTF-8'></head> <p><strong>Hybrid Server</strong></p> Iago Fernández González & Jose Eugenio González Fernández</html>

Publicando servicios web... 
Inicializando servidor... 	[OK]
Esperando conexiones entrantes...
GET / HTTP/1.1
Connection: close
Content-encoding: UTF-8
Host: localhost:21386
User-Agent: Apache-HttpClient/4.3.5 (java 1.5)
Accept-Encoding: gzip,deflate

HTTP/1.1 200 OK
Content-Type: text/html
Content-Length: 144

<html><head><meta charset='UTF-8'></head> <p><strong>Hybrid Server</strong></p> Iago Fernández González & Jose Eugenio González Fernández</html>

Publicando servicios web... 
Inicializando servidor... 	[OK]
Esperando conexiones entrantes...
GET / HTTP/1.1
Connection: close
Content-encoding: UTF-8
Host: localhost:33217
User-Agent: Apache-HttpClient/4.3.5 (java 1.5)
Accept-Encoding: gzip,deflate

HTTP/1.1 200 OK
Content-Type: text/html
Content-Length: 144

<html><head><meta charset='UTF-8'></head> <p><strong>Hybrid Server</strong></p> Iago Fernández González & Jose Eugenio González Fernández</html>

GET / HTTP/1.1
Connection: close
Content-encoding: UTF-8
Host: localhost:33217
User-Agent: Apache-HttpClient/4.3.5 (java 1.5)
Accept-Encoding: gzip,deflate

HTTP/1.1 200 OK
Content-Type: text/html
Content-Length: 144

<html><head><meta charset='UTF-8'></head> <p><strong>Hybrid Server</strong></p> Iago Fernández González & Jose Eugenio González Fernández</html>

GET / HTTP/1.1
Connection: close
Content-encoding: UTF-8
Host: localhost:33217
User-Agent: Apache-HttpClient/4.3.5 (java 1.5)
Accept-Encoding: gzip,deflate

HTTP/1.1 200 OK
Content-Type: text/html
Content-Length: 144

<html><head><meta charset='UTF-8'></head> <p><strong>Hybrid Server</strong></p> Iago Fernández González & Jose Eugenio González Fernández</html>

GET / HTTP/1.1
Connection: close
Content-encoding: UTF-8
Host: localhost:33217
User-Agent: Apache-HttpClient/4.3.5 (java 1.5)
Accept-Encoding: gzip,deflate

HTTP/1.1 200 OK
Content-Type: text/html
Content-Length: 144

<html><head><meta charset='UTF-8'></head> <p><strong>Hybrid Server</strong></p> Iago Fernández González & Jose Eugenio González Fernández</html>

Publicando servicios web... 
Inicializando servidor... 	[OK]
Esperando conexiones entrantes...
GET / HTTP/1.1
Connection: close
Content-encoding: UTF-8
Host: localhost:33217
User-Agent: Apache-HttpClient/4.3.5 (java 1.5)
Accept-Encoding: gzip,deflate

HTTP/1.1 200 OK
Content-Type: text/html
Content-Length: 144

<html><head><meta charset='UTF-8'></head> <p><strong>Hybrid Server</strong></p> Iago Fernández González & Jose Eugenio González Fernández</html>

Publicando servicios web... 
Inicializando servidor... 	[OK]
Esperando conexiones entrantes...
GET / HTTP/1.1
Connection: close
Content-encoding: UTF-8
Host: localhost:45450
User-Agent: Apache-HttpClient/4.3.5 (java 1.5)
Accept-Encoding: gzip,deflate

HTTP/1.1 200 OK
Content-Type: text/html
Content-Length: 144

<html><head><meta charset='UTF-8'></head> <p><strong>Hybrid Server</strong></p> Iago Fernández González & Jose Eugenio González Fernández</html>

GET / HTTP/1.1
Connection: close
Content-encoding: UTF-8
Host: localhost:45450
User-Agent: Apache-HttpClient/4.3.5 (java 1.5)
Accept-Encoding: gzip,deflate

HTTP/1.1 200 OK
Content-Type: text/html
Content-Length: 144

<html><head><meta charset='UTF-8'></head> <p><strong>Hybrid Server</strong></p> Iago Fernández González & Jose Eugenio González Fernández</html>

GET / HTTP/1.1
Connection: close
Content-encoding: UTF-8
Host: localhost:45450
User-Agent: Apache-HttpClient/4.3.5 (java 1.5)
Accept-Encoding: gzip,deflate

HTTP/1.1 200 OK
Content-Type: text/html
Content-Length: 144

<html><head><meta charset='UTF-8'></head> <p><strong>Hybrid Server</strong></p> Iago Fernández González & Jose Eugenio González Fernández</html>

GET / HTTP/1.1
Connection: close
Content-encoding: UTF-8
Host: localhost:45450
User-Agent: Apache-HttpClient/4.3.5 (java 1.5)
Accept-Encoding: gzip,deflate

HTTP/1.1 200 OK
Content-Type: text/html
Content-Length: 144

<html><head><meta charset='UTF-8'></head> <p><strong>Hybrid Server</strong></p> Iago Fernández González & Jose Eugenio González Fernández</html>

GET / HTTP/1.1
Connection: close
Content-encoding: UTF-8
Host: localhost:45450
User-Agent: Apache-HttpClient/4.3.5 (java 1.5)
Accept-Encoding: gzip,deflate

HTTP/1.1 200 OK
Content-Type: text/html
Content-Length: 144

<html><head><meta charset='UTF-8'></head> <p><strong>Hybrid Server</strong></p> Iago Fernández González & Jose Eugenio González Fernández</html>

GET / HTTP/1.1
Connection: close
Content-encoding: UTF-8
Host: localhost:45450
User-Agent: Apache-HttpClient/4.3.5 (java 1.5)
Accept-Encoding: gzip,deflate

HTTP/1.1 200 OK
Content-Type: text/html
Content-Length: 144

<html><head><meta charset='UTF-8'></head> <p><strong>Hybrid Server</strong></p> Iago Fernández González & Jose Eugenio González Fernández</html>

GET / HTTP/1.1
Connection: close
Content-encoding: UTF-8
Host: localhost:45450
User-Agent: Apache-HttpClient/4.3.5 (java 1.5)
Accept-Encoding: gzip,deflate

HTTP/1.1 200 OK
Content-Type: text/html
Content-Length: 144

<html><head><meta charset='UTF-8'></head> <p><strong>Hybrid Server</strong></p> Iago Fernández González & Jose Eugenio González Fernández</html>

GET / HTTP/1.1
Connection: close
Content-encoding: UTF-8
Host: localhost:45450
User-Agent: Apache-HttpClient/4.3.5 (java 1.5)
Accept-Encoding: gzip,deflate

HTTP/1.1 200 OK
Content-Type: text/html
Content-Length: 144

<html><head><meta charset='UTF-8'></head> <p><strong>Hybrid Server</strong></p> Iago Fernández González & Jose Eugenio González Fernández</html>

GET / HTTP/1.1
Connection: close
Content-encoding: UTF-8
Host: localhost:45450
User-Agent: Apache-HttpClient/4.3.5 (java 1.5)
Accept-Encoding: gzip,deflate

HTTP/1.1 200 OK
Content-Type: text/html
Content-Length: 144

<html><head><meta charset='UTF-8'></head> <p><strong>Hybrid Server</strong></p> Iago Fernández González & Jose Eugenio González Fernández</html>

GET / HTTP/1.1
Connection: close
Content-encoding: UTF-8
Host: localhost:45450
User-Agent: Apache-HttpClient/4.3.5 (java 1.5)
Accept-Encoding: gzip,deflate

HTTP/1.1 200 OK
Content-Type: text/html
Content-Length: 144

<html><head><meta charset='UTF-8'></head> <p><strong>Hybrid Server</strong></p> Iago Fernández González & Jose Eugenio González Fernández</html>

Publicando servicios web... 
Inicializando servidor... 	[OK]
Esperando conexiones entrantes...
GET / HTTP/1.1
Connection: close
Content-encoding: UTF-8
Host: localhost:45450
User-Agent: Apache-HttpClient/4.3.5 (java 1.5)
Accept-Encoding: gzip,deflate

HTTP/1.1 200 OK
Content-Type: text/html
Content-Length: 144

<html><head><meta charset='UTF-8'></head> <p><strong>Hybrid Server</strong></p> Iago Fernández González & Jose Eugenio González Fernández</html>

Publicando servicios web... 
Inicializando servidor... 	[OK]
Esperando conexiones entrantes...
GET / HTTP/1.1
Connection: close
Content-encoding: UTF-8
Host: localhost:55881
User-Agent: Apache-HttpClient/4.3.5 (java 1.5)
Accept-Encoding: gzip,deflate

HTTP/1.1 200 OK
Content-Type: text/html
Content-Length: 144

<html><head><meta charset='UTF-8'></head> <p><strong>Hybrid Server</strong></p> Iago Fernández González & Jose Eugenio González Fernández</html>

GET / HTTP/1.1
Connection: close
Content-encoding: UTF-8
Host: localhost:55881
User-Agent: Apache-HttpClient/4.3.5 (java 1.5)
Accept-Encoding: gzip,deflate

HTTP/1.1 200 OK
Content-Type: text/html
Content-Length: 144

<html><head><meta charset='UTF-8'></head> <p><strong>Hybrid Server</strong></p> Iago Fernández González & Jose Eugenio González Fernández</html>

GET / HTTP/1.1
Connection: close
Content-encoding: UTF-8
Host: localhost:55881
User-Agent: Apache-HttpClient/4.3.5 (java 1.5)
Accept-Encoding: gzip,deflate

HTTP/1.1 200 OK
Content-Type: text/html
Content-Length: 144

<html><head><meta charset='UTF-8'></head> <p><strong>Hybrid Server</strong></p> Iago Fernández González & Jose Eugenio González Fernández</html>

GET / HTTP/1.1
Connection: close
Content-encoding: UTF-8
Host: localhost:55881
User-Agent: Apache-HttpClient/4.3.5 (java 1.5)
Accept-Encoding: gzip,deflate

HTTP/1.1 200 OK
Content-Type: text/html
Content-Length: 144

<html><head><meta charset='UTF-8'></head> <p><strong>Hybrid Server</strong></p> Iago Fernández González & Jose Eugenio González Fernández</html>

GET / HTTP/1.1
Connection: close
Content-encoding: UTF-8
Host: localhost:55881
User-Agent: Apache-HttpClient/4.3.5 (java 1.5)
Accept-Encoding: gzip,deflate

HTTP/1.1 200 OK
Content-Type: text/html
Content-Length: 144

<html><head><meta charset='UTF-8'></head> <p><strong>Hybrid Server</strong></p> Iago Fernández González & Jose Eugenio González Fernández</html>

GET / HTTP/1.1
Connection: close
Content-encoding: UTF-8
Host: localhost:55881
User-Agent: Apache-HttpClient/4.3.5 (java 1.5)
Accept-Encoding: gzip,deflate

HTTP/1.1 200 OK
Content-Type: text/html
Content-Length: 144

<html><head><meta charset='UTF-8'></head> <p><strong>Hybrid Server</strong></p> Iago Fernández González & Jose Eugenio González Fernández</html>

GET / HTTP/1.1
Connection: close
Content-encoding: UTF-8
Host: localhost:55881
User-Agent: Apache-HttpClient/4.3.5 (java 1.5)
Accept-Encoding: gzip,deflate

HTTP/1.1 200 OK
Content-Type: text/html
Content-Length: 144

<html><head><meta charset='UTF-8'></head> <p><strong>Hybrid Server</strong></p> Iago Fernández González & Jose Eugenio González Fernández</html>

[...]
Connection: keep-alive

HTTP/1.1 200 OK
Content-Type: application/xml
Content-Length: 1716

<?xml version="1.0" encoding="UTF-8"?> <xsl:stylesheet xmlns:xsl="http://www.w3.org/1999/XSL/Transform"  xmlns:tns="http://www.esei.uvigo.es/dai/proyecto" version="1.0">   <xsl:output method="html" indent="yes" encoding="utf-8" />   <xsl:template match="/">   <xsl:text disable-output-escaping="yes">&lt;!DOCTYPE html&gt;</xsl:text>   <html>    <head>     <title>Collection</title>    </head>    <body>     <div>      <h1>Collection</h1>      <h2>Discs 4</h2>      <xsl:apply-templates select="tns:collection/disc4" />      <hr/>      <h2>Movies 4</h2>      <xsl:apply-templates select="tns:collection/movie4" />      <hr/>      <h2>Books 4</h2>      <xsl:apply-templates select="tns:collection/book4" />     </div>    </body>   </html>  </xsl:template>   <xsl:template match="disc4">   <div class="disc4">    <h3><xsl:value-of select="name"/>(<xsl:value-of select="@year"/>)</h3>    <div class="artist">Artist: <xsl:value-of select="artist" /></div>    <div class="genre">Genre: <xsl:value-of select="genre" /></div>   </div>  </xsl:template>   <xsl:template match="movie4">   <div class="movie4">    <h3><xsl:value-of select="name"/>(<xsl:value-of select="@year"/>)</h3>    <div class="director">Director: <xsl:value-of select="director" /></div>    <div class="genre">Genre: <xsl:value-of select="genre" /></div>   </div>  </xsl:template>   <xsl:template match="book4">   <div class="book4">    <h3><xsl:value-of select="name"/>(<xsl:value-of select="@year"/>)</h3>    <div class="author">Author: <xsl:value-of select="author" /></div>    <div class="genre">Genre: <xsl:value-of select="genre" /></div>    <div class="pages">Pages: <xsl:value-of select="pages" /></div>   </div>  </xsl:template> </xsl:stylesheet>

GET /xml?uuid=ea118888-6908-4444-9620-685b35c84fb4&xslt=1fd26c94-6909-1111-4444-685b35c84fb4 HTTP/1.1
Connection: close
Content-encoding: UTF-8
Host: localhost:10004
User-Agent: Apache-HttpClient/4.3.5 (java 1.5)
Accept-Encoding: gzip,deflate

HTTP/1.1 200 OK
Content-Type: text/html
Content-Length: 1460

<!DOCTYPE html><html xmlns:tns="http://www.esei.uvigo.es/dai/proyecto">
<head>
<META http-equiv="Content-Type" content="text/html; charset=utf-8">
<title>Collection</title>
</head>
<body>
<div>
<h1>Collection</h1>
<h2>Discs 4</h2>
<div class="disc4">
<h3>Live in Japan(1972)</h3>
<div class="artist">Artist: Deep Purple</div>
<div class="genre">Genre: Hard Rock</div>
</div>
<div class="disc4">
<h3>Led Zeppelin(1972)</h3>
<div class="artist">Artist: Led Zeppelin</div>
<div class="genre">Genre: Hard Rock</div>
</div>
<div class="disc4">
<h3>Shake Your Money Maker(1990)</h3>
<div class="artist">Artist: The Black Crowes</div>
<div class="genre">Genre: Southern Rock</div>
</div>
<hr>
<h2>Movies 4</h2>
<div class="movie4">
<h3>The Godfather(1972)</h3>
<div class="director">Director: Francis Ford Coppola</div>
<div class="genre">Genre: Drama</div>
</div>
<div class="movie4">
<h3>Interstellar()</h3>
<div class="director">Director: Christopher Nolan</div>
<div class="genre">Genre: Adventure</div>
</div>
<hr>
<h2>Books 4</h2>
<div class="book4">
<h3>Dune(1965)</h3>
<div class="author">Author: Frank Herbert</div>
<div class="genre">Genre: Science Fiction</div>
<div class="pages">Pages: 412</div>
</div>
<div class="book4">
<h3>Siddhartha(1922)</h3>
<div class="author">Author: Hermann Hesse</div>
<div class="genre">Genre: Novel</div>
<div class="pages">Pages: 152</div>
</div>
</div>
</body>
</html>


Publicando servicios web... 
Publicando servicios web... 
Publicando servicios web... 
Publicando servicios web... 
Inicializando servidor... 	[OK]
Esperando conexiones entrantes...
Inicializando servidor... 	[OK]
Esperando conexiones entrantes...
Inicializando servidor... 	[OK]
Esperando conexiones entrantes...
Inicializando servidor... 	[OK]
Esperando conexiones entrantes...
GET /xslt?uuid=f260dfee-636c-1111-bbdd-685b35c84fb4 HTTP/1.1
User-Agent: Java/1.8.0_151
Host: localhost:10004
Accept: text/html, image/gif, image/jpeg, *; q=.2, */*; q=.2
Connection: keep-alive

HTTP/1.1 200 OK
Content-Type: application/xml
Content-Length: 753

<?xml version="1.0" encoding="UTF-8"?> <xsl:stylesheet xmlns:xsl="http://www.w3.org/1999/XSL/Transform"  xmlns:tns="http://www.esei.uvigo.es/dai/proyecto" version="1.0">   <xsl:output method="html" indent="yes" encoding="utf-8" />   <xsl:template match="/">   <xsl:text disable-output-escaping="yes">&lt;!DOCTYPE html&gt;</xsl:text>   <html>    <head>     <title>People</title>    </head>    <body>     <div>      <h1>People</h1>      <xsl:apply-templates select="tns:people/tns:person1" />     </div>    </body>   </html>  </xsl:template>   <xsl:template match="tns:person1">   <div class="person1">    <h3>DNI: <xsl:value-of select="@dni"/></h3>    <div class="name"><xsl:value-of select="tns:name" /></div>   </div>  </xsl:template> </xsl:stylesheet>

GET /xml?uuid=ddcab7d0-636c-1111-8db3-685b35c84fb4&xslt=f260dfee-636c-1111-bbdd-685b35c84fb4 HTTP/1.1
Connection: close
Content-encoding: UTF-8
Host: localhost:10004
User-Agent: Apache-HttpClient/4.3.5 (java 1.5)
Accept-Encoding: gzip,deflate

HTTP/1.1 200 OK
Content-Type: text/html
Content-Length: 326

<!DOCTYPE html><html xmlns:tns="http://www.esei.uvigo.es/dai/proyecto">
<head>
<META http-equiv="Content-Type" content="text/html; charset=utf-8">
<title>People</title>
</head>
<body>
<div>
<h1>People</h1>
<div class="person1">
<h3>DNI: 11111111A</h3>
<div class="name">Pepe</div>
</div>
</div>
</body>
</html>


GET /xslt?uuid=1fd26c94-6909-1111-9a75-685b35c84fb4 HTTP/1.1
User-Agent: Java/1.8.0_151
Host: localhost:10004
Accept: text/html, image/gif, image/jpeg, *; q=.2, */*; q=.2
Connection: keep-alive

HTTP/1.1 200 OK
Content-Type: application/xml
Content-Length: 1716

<?xml version="1.0" encoding="UTF-8"?> <xsl:stylesheet xmlns:xsl="http://www.w3.org/1999/XSL/Transform"  xmlns:tns="http://www.esei.uvigo.es/dai/proyecto" version="1.0">   <xsl:output method="html" indent="yes" encoding="utf-8" />   <xsl:template match="/">   <xsl:text disable-output-escaping="yes">&lt;!DOCTYPE html&gt;</xsl:text>   <html>    <head>     <title>Collection</title>    </head>    <body>     <div>      <h1>Collection</h1>      <h2>Discs 1</h2>      <xsl:apply-templates select="tns:collection/disc1" />      <hr/>      <h2>Movies 1</h2>      <xsl:apply-templates select="tns:collection/movie1" />      <hr/>      <h2>Books 1</h2>      <xsl:apply-templates select="tns:collection/book1" />     </div>    </body>   </html>  </xsl:template>   <xsl:template match="disc1">   <div class="disc1">    <h3><xsl:value-of select="name"/>(<xsl:value-of select="@year"/>)</h3>    <div class="artist">Artist: <xsl:value-of select="artist" /></div>    <div class="genre">Genre: <xsl:value-of select="genre" /></div>   </div>  </xsl:template>   <xsl:template match="movie1">   <div class="movie1">    <h3><xsl:value-of select="name"/>(<xsl:value-of select="@year"/>)</h3>    <div class="director">Director: <xsl:value-of select="director" /></div>    <div class="genre">Genre: <xsl:value-of select="genre" /></div>   </div>  </xsl:template>   <xsl:template match="book1">   <div class="book1">    <h3><xsl:value-of select="name"/>(<xsl:value-of select="@year"/>)</h3>    <div class="author">Author: <xsl:value-of select="author" /></div>    <div class="genre">Genre: <xsl:value-of select="genre" /></div>    <div class="pages">Pages: <xsl:value-of select="pages" /></div>   </div>  </xsl:template> </xsl:stylesheet>

GET /xml?uuid=ea118888-6908-1111-9620-685b35c84fb4&xslt=1fd26c94-6909-1111-9a75-685b35c84fb4 HTTP/1.1
Connection: close
Content-encoding: UTF-8
Host: localhost:10004
User-Agent: Apache-HttpClient/4.3.5 (java 1.5)
Accept-Encoding: gzip,deflate

HTTP/1.1 200 OK
Content-Type: text/html
Content-Length: 1460

<!DOCTYPE html><html xmlns:tns="http://www.esei.uvigo.es/dai/proyecto">
<head>
<META http-equiv="Content-Type" content="text/html; charset=utf-8">
<title>Collection</title>
</head>
<body>
<div>
<h1>Collection</h1>
<h2>Discs 1</h2>
<div class="disc1">
<h3>Live in Japan(1972)</h3>
<div class="artist">Artist: Deep Purple</div>
<div class="genre">Genre: Hard Rock</div>
</div>
<div class="disc1">
<h3>Led Zeppelin(1972)</h3>
<div class="artist">Artist: Led Zeppelin</div>
<div class="genre">Genre: Hard Rock</div>
</div>
<div class="disc1">
<h3>Shake Your Money Maker(1990)</h3>
<div class="artist">Artist: The Black Crowes</div>
<div class="genre">Genre: Southern Rock</div>
</div>
<hr>
<h2>Movies 1</h2>
<div class="movie1">
<h3>The Godfather(1972)</h3>
<div class="director">Director: Francis Ford Coppola</div>
<div class="genre">Genre: Drama</div>
</div>
<div class="movie1">
<h3>Interstellar()</h3>
<div class="director">Director: Christopher Nolan</div>
<div class="genre">Genre: Adventure</div>
</div>
<hr>
<h2>Books 1</h2>
<div class="book1">
<h3>Dune(1965)</h3>
<div class="author">Author: Frank Herbert</div>
<div class="genre">Genre: Science Fiction</div>
<div class="pages">Pages: 412</div>
</div>
<div class="book1">
<h3>Siddhartha(1922)</h3>
<div class="author">Author: Hermann Hesse</div>
<div class="genre">Genre: Novel</div>
<div class="pages">Pages: 152</div>
</div>
</div>
</body>
</html>


GET /xslt?uuid=f260dfee-636c-2222-bbdd-685b35c84fb4 HTTP/1.1
User-Agent: Java/1.8.0_151
Host: localhost:10004
Accept: text/html, image/gif, image/jpeg, *; q=.2, */*; q=.2
Connection: keep-alive

HTTP/1.1 200 OK
Content-Type: application/xml
Content-Length: 753

<?xml version="1.0" encoding="UTF-8"?> <xsl:stylesheet xmlns:xsl="http://www.w3.org/1999/XSL/Transform"  xmlns:tns="http://www.esei.uvigo.es/dai/proyecto" version="1.0">   <xsl:output method="html" indent="yes" encoding="utf-8" />   <xsl:template match="/">   <xsl:text disable-output-escaping="yes">&lt;!DOCTYPE html&gt;</xsl:text>   <html>    <head>     <title>People</title>    </head>    <body>     <div>      <h1>People</h1>      <xsl:apply-templates select="tns:people/tns:person2" />     </div>    </body>   </html>  </xsl:template>   <xsl:template match="tns:person2">   <div class="person2">    <h3>DNI: <xsl:value-of select="@dni"/></h3>    <div class="name"><xsl:value-of select="tns:name" /></div>   </div>  </xsl:template> </xsl:stylesheet>

GET /xml?uuid=ddcab7d0-636c-2222-8db3-685b35c84fb4&xslt=f260dfee-636c-2222-bbdd-685b35c84fb4 HTTP/1.1
Connection: close
Content-encoding: UTF-8
Host: localhost:10004
User-Agent: Apache-HttpClient/4.3.5 (java 1.5)
Accept-Encoding: gzip,deflate

HTTP/1.1 200 OK
Content-Type: text/html
Content-Length: 326

<!DOCTYPE html><html xmlns:tns="http://www.esei.uvigo.es/dai/proyecto">
<head>
<META http-equiv="Content-Type" content="text/html; charset=utf-8">
<title>People</title>
</head>
<body>
<div>
<h1>People</h1>
<div class="person2">
<h3>DNI: 22222222B</h3>
<div class="name">Pepe</div>
</div>
</div>
</body>
</html>


GET /xslt?uuid=1fd26c94-6909-2222-9a75-685b35c84fb4 HTTP/1.1
User-Agent: Java/1.8.0_151
Host: localhost:10004
Accept: text/html, image/gif, image/jpeg, *; q=.2, */*; q=.2
Connection: keep-alive

HTTP/1.1 200 OK
Content-Type: application/xml
Content-Length: 1716

<?xml version="1.0" encoding="UTF-8"?> <xsl:stylesheet xmlns:xsl="http://www.w3.org/1999/XSL/Transform"  xmlns:tns="http://www.esei.uvigo.es/dai/proyecto" version="1.0">   <xsl:output method="html" indent="yes" encoding="utf-8" />   <xsl:template match="/">   <xsl:text disable-output-escaping="yes">&lt;!DOCTYPE html&gt;</xsl:text>   <html>    <head>     <title>Collection</title>    </head>    <body>     <div>      <h1>Collection</h1>      <h2>Discs 2</h2>      <xsl:apply-templates select="tns:collection/disc2" />      <hr/>      <h2>Movies 2</h2>      <xsl:apply-templates select="tns:collection/movie2" />      <hr/>      <h2>Books 2</h2>      <xsl:apply-templates select="tns:collection/book2" />     </div>    </body>   </html>  </xsl:template>   <xsl:template match="disc2">   <div class="disc2">    <h3><xsl:value-of select="name"/>(<xsl:value-of select="@year"/>)</h3>    <div class="artist">Artist: <xsl:value-of select="artist" /></div>    <div class="genre">Genre: <xsl:value-of select="genre" /></div>   </div>  </xsl:template>   <xsl:template match="movie2">   <div class="movie2">    <h3><xsl:value-of select="name"/>(<xsl:value-of select="@year"/>)</h3>    <div class="director">Director: <xsl:value-of select="director" /></div>    <div class="genre">Genre: <xsl:value-of select="genre" /></div>   </div>  </xsl:template>   <xsl:template match="book2">   <div class="book2">    <h3><xsl:value-of select="name"/>(<xsl:value-of select="@year"/>)</h3>    <div class="author">Author: <xsl:value-of select="author" /></div>    <div class="genre">Genre: <xsl:value-of select="genre" /></div>    <div class="pages">Pages: <xsl:value-of select="pages" /></div>   </div>  </xsl:template> </xsl:stylesheet>

GET /xml?uuid=ea118888-6908-2222-9620-685b35c84fb4&xslt=1fd26c94-6909-2222-9a75-685b35c84fb4 HTTP/1.1
Connection: close
Content-encoding: UTF-8
Host: localhost:10004
User-Agent: Apache-HttpClient/4.3.5 (java 1.5)
Accept-Encoding: gzip,deflate

HTTP/1.1 200 OK
Content-Type: text/html
Content-Length: 1460

<!DOCTYPE html><html xmlns:tns="http://www.esei.uvigo.es/dai/proyecto">
<head>
<META http-equiv="Content-Type" content="text/html; charset=utf-8">
<title>Collection</title>
</head>
<body>
<div>
<h1>Collection</h1>
<h2>Discs 2</h2>
<div class="disc2">
<h3>Live in Japan(1972)</h3>
<div class="artist">Artist: Deep Purple</div>
<div class="genre">Genre: Hard Rock</div>
</div>
<div class="disc2">
<h3>Led Zeppelin(1972)</h3>
<div class="artist">Artist: Led Zeppelin</div>
<div class="genre">Genre: Hard Rock</div>
</div>
<div class="disc2">
<h3>Shake Your Money Maker(1990)</h3>
<div class="artist">Artist: The Black Crowes</div>
<div class="genre">Genre: Southern Rock</div>
</div>
<hr>
<h2>Movies 2</h2>
<div class="movie2">
<h3>The Godfather(1972)</h3>
<div class="director">Director: Francis Ford Coppola</div>
<div class="genre">Genre: Drama</div>
</div>
<div class="movie2">
<h3>Interstellar()</h3>
<div class="director">Director: Christopher Nolan</div>
<div class="genre">Genre: Adventure</div>
</div>
<hr>
<h2>Books 2</h2>
<div class="book2">
<h3>Dune(1965)</h3>
<div class="author">Author: Frank Herbert</div>
<div class="genre">Genre: Science Fiction</div>
<div class="pages">Pages: 412</div>
</div>
<div class="book2">
<h3>Siddhartha(1922)</h3>
<div class="author">Author: Hermann Hesse</div>
<div class="genre">Genre: Novel</div>
<div class="pages">Pages: 152</div>
</div>
</div>
</body>
</html>


GET /xslt?uuid=f260dfee-636c-3333-bbdd-685b35c84fb4 HTTP/1.1
User-Agent: Java/1.8.0_151
Host: localhost:10004
Accept: text/html, image/gif, image/jpeg, *; q=.2, */*; q=.2
Connection: keep-alive

HTTP/1.1 200 OK
Content-Type: application/xml
Content-Length: 753

<?xml version="1.0" encoding="UTF-8"?> <xsl:stylesheet xmlns:xsl="http://www.w3.org/1999/XSL/Transform"  xmlns:tns="http://www.esei.uvigo.es/dai/proyecto" version="1.0">   <xsl:output method="html" indent="yes" encoding="utf-8" />   <xsl:template match="/">   <xsl:text disable-output-escaping="yes">&lt;!DOCTYPE html&gt;</xsl:text>   <html>    <head>     <title>People</title>    </head>    <body>     <div>      <h1>People</h1>      <xsl:apply-templates select="tns:people/tns:person3" />     </div>    </body>   </html>  </xsl:template>   <xsl:template match="tns:person3">   <div class="person3">    <h3>DNI: <xsl:value-of select="@dni"/></h3>    <div class="name"><xsl:value-of select="tns:name" /></div>   </div>  </xsl:template> </xsl:stylesheet>

GET /xml?uuid=ddcab7d0-636c-3333-8db3-685b35c84fb4&xslt=f260dfee-636c-3333-bbdd-685b35c84fb4 HTTP/1.1
Connection: close
Content-encoding: UTF-8
Host: localhost:10004
User-Agent: Apache-HttpClient/4.3.5 (java 1.5)
Accept-Encoding: gzip,deflate

HTTP/1.1 200 OK
Content-Type: text/html
Content-Length: 326

<!DOCTYPE html><html xmlns:tns="http://www.esei.uvigo.es/dai/proyecto">
<head>
<META http-equiv="Content-Type" content="text/html; charset=utf-8">
<title>People</title>
</head>
<body>
<div>
<h1>People</h1>
<div class="person3">
<h3>DNI: 33333333C</h3>
<div class="name">Pepe</div>
</div>
</div>
</body>
</html>


GET /xslt?uuid=1fd26c94-6909-3333-9a75-685b35c84fb4 HTTP/1.1
User-Agent: Java/1.8.0_151
Host: localhost:10004
Accept: text/html, image/gif, image/jpeg, *; q=.2, */*; q=.2
Connection: keep-alive

HTTP/1.1 200 OK
Content-Type: application/xml
Content-Length: 1716

<?xml version="1.0" encoding="UTF-8"?> <xsl:stylesheet xmlns:xsl="http://www.w3.org/1999/XSL/Transform"  xmlns:tns="http://www.esei.uvigo.es/dai/proyecto" version="1.0">   <xsl:output method="html" indent="yes" encoding="utf-8" />   <xsl:template match="/">   <xsl:text disable-output-escaping="yes">&lt;!DOCTYPE html&gt;</xsl:text>   <html>    <head>     <title>Collection</title>    </head>    <body>     <div>      <h1>Collection</h1>      <h2>Discs 3</h2>      <xsl:apply-templates select="tns:collection/disc3" />      <hr/>      <h2>Movies 3</h2>      <xsl:apply-templates select="tns:collection/movie3" />      <hr/>      <h2>Books 3</h2>      <xsl:apply-templates select="tns:collection/book3" />     </div>    </body>   </html>  </xsl:template>   <xsl:template match="disc3">   <div class="disc3">    <h3><xsl:value-of select="name"/>(<xsl:value-of select="@year"/>)</h3>    <div class="artist">Artist: <xsl:value-of select="artist" /></div>    <div class="genre">Genre: <xsl:value-of select="genre" /></div>   </div>  </xsl:template>   <xsl:template match="movie3">   <div class="movie3">    <h3><xsl:value-of select="name"/>(<xsl:value-of select="@year"/>)</h3>    <div class="director">Director: <xsl:value-of select="director" /></div>    <div class="genre">Genre: <xsl:value-of select="genre" /></div>   </div>  </xsl:template>   <xsl:template match="book3">   <div class="book3">    <h3><xsl:value-of select="name"/>(<xsl:value-of select="@year"/>)</h3>    <div class="author">Author: <xsl:value-of select="author" /></div>    <div class="genre">Genre: <xsl:value-of select="genre" /></div>    <div class="pages">Pages: <xsl:value-of select="pages" /></div>   </div>  </xsl:template> </xsl:stylesheet>

GET /xml?uuid=ea118888-6908-3333-9620-685b35c84fb4&xslt=1fd26c94-6909-3333-9a75-685b35c84fb4 HTTP/1.1
Connection: close
Content-encoding: UTF-8
Host: localhost:10004
User-Agent: Apache-HttpClient/4.3.5 (java 1.5)
Accept-Encoding: gzip,deflate

HTTP/1.1 200 OK
Content-Type: text/html
Content-Length: 1460

<!DOCTYPE html><html xmlns:tns="http://www.esei.uvigo.es/dai/proyecto">
<head>
<META http-equiv="Content-Type" content="text/html; charset=utf-8">
<title>Collection</title>
</head>
<body>
<div>
<h1>Collection</h1>
<h2>Discs 3</h2>
<div class="disc3">
<h3>Live in Japan(1972)</h3>
<div class="artist">Artist: Deep Purple</div>
<div class="genre">Genre: Hard Rock</div>
</div>
<div class="disc3">
<h3>Led Zeppelin(1972)</h3>
<div class="artist">Artist: Led Zeppelin</div>
<div class="genre">Genre: Hard Rock</div>
</div>
<div class="disc3">
<h3>Shake Your Money Maker(1990)</h3>
<div class="artist">Artist: The Black Crowes</div>
<div class="genre">Genre: Southern Rock</div>
</div>
<hr>
<h2>Movies 3</h2>
<div class="movie3">
<h3>The Godfather(1972)</h3>
<div class="director">Director: Francis Ford Coppola</div>
<div class="genre">Genre: Drama</div>
</div>
<div class="movie3">
<h3>Interstellar()</h3>
<div class="director">Director: Christopher Nolan</div>
<div class="genre">Genre: Adventure</div>
</div>
<hr>
<h2>Books 3</h2>
<div class="book3">
<h3>Dune(1965)</h3>
<div class="author">Author: Frank Herbert</div>
<div class="genre">Genre: Science Fiction</div>
<div class="pages">Pages: 412</div>
</div>
<div class="book3">
<h3>Siddhartha(1922)</h3>
<div class="author">Author: Hermann Hesse</div>
<div class="genre">Genre: Novel</div>
<div class="pages">Pages: 152</div>
</div>
</div>
</body>
</html>


]]></system-out>
  <system-err><![CDATA[]]></system-err>
</testsuite>
