<?xml version="1.0" encoding="UTF-8" ?>
<testsuite errors="0" failures="1" hostname="iago92-SATELLITE-PRO-C50-A-1EM" name="es.uvigo.esei.dai.hybridserver.HybridServerFirstReleaseTestSuite" skipped="0" tests="1" time="0.069" timestamp="2017-10-19T20:58:09">
  <properties>
[...]
</properties>
  <testcase classname="junit.framework.TestSuite$1" name="warning" time="0.006">
    <failure message="No tests found in es.uvigo.esei.dai.hybridserver.HybridServerFirstReleaseTestSuite" type="junit.framework.AssertionFailedError">junit.framework.AssertionFailedError: No tests found in es.uvigo.esei.dai.hybridserver.HybridServerFirstReleaseTestSuite
</failure>
  </testcase>
  <system-out><![CDATA[]]></system-out>
  <system-err><![CDATA[]]></system-err>
</testsuite>
